{"/home/travis/build/npmtest/node-npmtest-resume-cli/test.js":{"path":"/home/travis/build/npmtest/node-npmtest-resume-cli/test.js","s":{"1":2,"2":2,"3":2,"4":2,"5":2,"6":2,"7":2,"8":1,"9":2,"10":2,"11":1,"12":1,"13":1,"14":1,"15":2,"16":2,"17":2,"18":2,"19":1,"20":1,"21":2,"22":2,"23":2,"24":1,"25":1,"26":1,"27":1,"28":1,"29":1,"30":1,"31":1,"32":1,"33":1,"34":1,"35":1,"36":1,"37":1,"38":1,"39":2,"40":2,"41":1,"42":2,"43":2,"44":1,"45":2,"46":2,"47":1,"48":2,"49":2,"50":1,"51":1,"52":1,"53":1,"54":1},"b":{"1":[2,1,1,1],"2":[1,1,1,1],"3":[1,1],"4":[1,1],"5":[1,1],"6":[1,1],"7":[1,1],"8":[1,1],"9":[1,1],"10":[1,1,1],"11":[1,1],"12":[1,1],"13":[1,1],"14":[1,1],"15":[1,1],"16":[1,1],"17":[1,1]},"f":{"1":2,"2":2,"3":2,"4":2,"5":2,"6":1,"7":1,"8":1,"9":2,"10":2,"11":2,"12":2,"13":1},"fnMap":{"1":{"name":"(anonymous_1)","line":12,"loc":{"start":{"line":12,"column":1},"end":{"line":12,"column":13}}},"2":{"name":"(anonymous_2)","line":19,"loc":{"start":{"line":19,"column":5},"end":{"line":19,"column":17}}},"3":{"name":"(anonymous_3)","line":23,"loc":{"start":{"line":23,"column":24},"end":{"line":23,"column":36}}},"4":{"name":"(anonymous_4)","line":61,"loc":{"start":{"line":61,"column":5},"end":{"line":61,"column":17}}},"5":{"name":"(anonymous_5)","line":82,"loc":{"start":{"line":82,"column":5},"end":{"line":82,"column":17}}},"6":{"name":"(anonymous_6)","line":91,"loc":{"start":{"line":91,"column":77},"end":{"line":94,"column":10}}},"7":{"name":"(anonymous_7)","line":112,"loc":{"start":{"line":112,"column":83},"end":{"line":115,"column":10}},"skip":true},"8":{"name":"(anonymous_8)","line":123,"loc":{"start":{"line":123,"column":77},"end":{"line":126,"column":10}},"skip":true},"9":{"name":"(anonymous_9)","line":139,"loc":{"start":{"line":139,"column":12},"end":{"line":139,"column":40}},"skip":true},"10":{"name":"(anonymous_10)","line":147,"loc":{"start":{"line":147,"column":77},"end":{"line":150,"column":10}},"skip":true},"11":{"name":"(anonymous_11)","line":158,"loc":{"start":{"line":158,"column":83},"end":{"line":161,"column":10}},"skip":true},"12":{"name":"(anonymous_12)","line":169,"loc":{"start":{"line":169,"column":79},"end":{"line":172,"column":10}},"skip":true},"13":{"name":"(anonymous_13)","line":180,"loc":{"start":{"line":180,"column":75},"end":{"line":183,"column":10}},"skip":true}},"statementMap":{"1":{"start":{"line":12,"column":0},"end":{"line":195,"column":5}},"2":{"start":{"line":14,"column":4},"end":{"line":14,"column":14}},"3":{"start":{"line":19,"column":4},"end":{"line":56,"column":9}},"4":{"start":{"line":21,"column":8},"end":{"line":21,"column":19}},"5":{"start":{"line":23,"column":8},"end":{"line":35,"column":13}},"6":{"start":{"line":24,"column":12},"end":{"line":34,"column":13}},"7":{"start":{"line":25,"column":16},"end":{"line":28,"column":30}},"8":{"start":{"line":30,"column":16},"end":{"line":33,"column":27}},"9":{"start":{"line":37,"column":8},"end":{"line":39,"column":21}},"10":{"start":{"line":40,"column":8},"end":{"line":53,"column":9}},"11":{"start":{"line":43,"column":12},"end":{"line":46,"column":14}},"12":{"start":{"line":47,"column":12},"end":{"line":47,"column":18}},"13":{"start":{"line":50,"column":12},"end":{"line":51,"column":46}},"14":{"start":{"line":52,"column":12},"end":{"line":52,"column":18}},"15":{"start":{"line":55,"column":8},"end":{"line":55,"column":35}},"16":{"start":{"line":61,"column":4},"end":{"line":63,"column":9}},"17":{"start":{"line":62,"column":8},"end":{"line":62,"column":15}},"18":{"start":{"line":64,"column":4},"end":{"line":77,"column":5}},"19":{"start":{"line":70,"column":8},"end":{"line":70,"column":14}},"20":{"start":{"line":76,"column":8},"end":{"line":76,"column":14}},"21":{"start":{"line":82,"column":4},"end":{"line":84,"column":9}},"22":{"start":{"line":83,"column":8},"end":{"line":83,"column":15}},"23":{"start":{"line":85,"column":4},"end":{"line":194,"column":5}},"24":{"start":{"line":91,"column":8},"end":{"line":99,"column":10}},"25":{"start":{"line":98,"column":12},"end":{"line":98,"column":35}},"26":{"start":{"line":102,"column":8},"end":{"line":104,"column":63}},"27":{"start":{"line":105,"column":8},"end":{"line":105,"column":14}},"28":{"start":{"line":112,"column":8},"end":{"line":121,"column":10},"skip":true},"29":{"start":{"line":119,"column":12},"end":{"line":119,"column":55},"skip":true},"30":{"start":{"line":120,"column":12},"end":{"line":120,"column":48},"skip":true},"31":{"start":{"line":123,"column":8},"end":{"line":136,"column":10},"skip":true},"32":{"start":{"line":130,"column":12},"end":{"line":130,"column":76},"skip":true},"33":{"start":{"line":131,"column":12},"end":{"line":131,"column":73},"skip":true},"34":{"start":{"line":132,"column":12},"end":{"line":132,"column":74},"skip":true},"35":{"start":{"line":133,"column":12},"end":{"line":133,"column":79},"skip":true},"36":{"start":{"line":134,"column":12},"end":{"line":134,"column":25},"skip":true},"37":{"start":{"line":135,"column":12},"end":{"line":135,"column":45},"skip":true},"38":{"start":{"line":138,"column":8},"end":{"line":145,"column":14},"skip":true},"39":{"start":{"line":143,"column":16},"end":{"line":143,"column":29},"skip":true},"40":{"start":{"line":144,"column":16},"end":{"line":144,"column":55},"skip":true},"41":{"start":{"line":147,"column":8},"end":{"line":156,"column":10},"skip":true},"42":{"start":{"line":154,"column":12},"end":{"line":154,"column":25},"skip":true},"43":{"start":{"line":155,"column":12},"end":{"line":155,"column":45},"skip":true},"44":{"start":{"line":158,"column":8},"end":{"line":167,"column":10},"skip":true},"45":{"start":{"line":165,"column":12},"end":{"line":165,"column":25},"skip":true},"46":{"start":{"line":166,"column":12},"end":{"line":166,"column":48},"skip":true},"47":{"start":{"line":169,"column":8},"end":{"line":178,"column":10},"skip":true},"48":{"start":{"line":176,"column":12},"end":{"line":176,"column":25},"skip":true},"49":{"start":{"line":177,"column":12},"end":{"line":177,"column":46},"skip":true},"50":{"start":{"line":180,"column":8},"end":{"line":189,"column":10},"skip":true},"51":{"start":{"line":187,"column":12},"end":{"line":187,"column":94},"skip":true},"52":{"start":{"line":188,"column":12},"end":{"line":188,"column":48},"skip":true},"53":{"start":{"line":192,"column":8},"end":{"line":192,"column":35},"skip":true},"54":{"start":{"line":193,"column":8},"end":{"line":193,"column":14},"skip":true}},"branchMap":{"1":{"line":25,"type":"binary-expr","locations":[{"start":{"line":25,"column":23},"end":{"line":25,"column":62}},{"start":{"line":26,"column":20},"end":{"line":26,"column":70}},{"start":{"line":27,"column":20},"end":{"line":27,"column":71}},{"start":{"line":28,"column":20},"end":{"line":28,"column":29}}]},"2":{"line":30,"type":"binary-expr","locations":[{"start":{"line":30,"column":23},"end":{"line":30,"column":37}},{"start":{"line":31,"column":20},"end":{"line":31,"column":61}},{"start":{"line":32,"column":20},"end":{"line":32,"column":70}},{"start":{"line":33,"column":20},"end":{"line":33,"column":26}}]},"3":{"line":37,"type":"cond-expr","locations":[{"start":{"line":38,"column":14},"end":{"line":38,"column":20}},{"start":{"line":39,"column":14},"end":{"line":39,"column":20}}]},"4":{"line":40,"type":"switch","locations":[{"start":{"line":42,"column":8},"end":{"line":47,"column":18}},{"start":{"line":49,"column":8},"end":{"line":52,"column":18}}]},"5":{"line":44,"type":"binary-expr","locations":[{"start":{"line":44,"column":16},"end":{"line":44,"column":44}},{"start":{"line":44,"column":48},"end":{"line":44,"column":66}}]},"6":{"line":50,"type":"binary-expr","locations":[{"start":{"line":50,"column":21},"end":{"line":50,"column":49}},{"start":{"line":50,"column":53},"end":{"line":50,"column":72}}]},"7":{"line":64,"type":"switch","locations":[{"start":{"line":69,"column":4},"end":{"line":70,"column":14}},{"start":{"line":75,"column":4},"end":{"line":76,"column":14}}]},"8":{"line":85,"type":"switch","locations":[{"start":{"line":90,"column":4},"end":{"line":105,"column":14}},{"start":{"line":111,"column":4},"end":{"line":193,"column":14},"skip":true}]},"9":{"line":91,"type":"binary-expr","locations":[{"start":{"line":91,"column":42},"end":{"line":91,"column":73}},{"start":{"line":91,"column":77},"end":{"line":99,"column":9}}]},"10":{"line":102,"type":"binary-expr","locations":[{"start":{"line":102,"column":18},"end":{"line":102,"column":32}},{"start":{"line":103,"column":12},"end":{"line":103,"column":53}},{"start":{"line":104,"column":12},"end":{"line":104,"column":61}}]},"11":{"line":112,"type":"binary-expr","locations":[{"start":{"line":112,"column":45},"end":{"line":112,"column":79},"skip":true},{"start":{"line":112,"column":83},"end":{"line":121,"column":9},"skip":true}]},"12":{"line":123,"type":"binary-expr","locations":[{"start":{"line":123,"column":42},"end":{"line":123,"column":73},"skip":true},{"start":{"line":123,"column":77},"end":{"line":136,"column":9},"skip":true}]},"13":{"line":138,"type":"binary-expr","locations":[{"start":{"line":138,"column":48},"end":{"line":138,"column":85},"skip":true},{"start":{"line":139,"column":12},"end":{"line":145,"column":13},"skip":true}]},"14":{"line":147,"type":"binary-expr","locations":[{"start":{"line":147,"column":42},"end":{"line":147,"column":73},"skip":true},{"start":{"line":147,"column":77},"end":{"line":156,"column":9},"skip":true}]},"15":{"line":158,"type":"binary-expr","locations":[{"start":{"line":158,"column":45},"end":{"line":158,"column":79},"skip":true},{"start":{"line":158,"column":83},"end":{"line":167,"column":9},"skip":true}]},"16":{"line":169,"type":"binary-expr","locations":[{"start":{"line":169,"column":43},"end":{"line":169,"column":75},"skip":true},{"start":{"line":169,"column":79},"end":{"line":178,"column":9},"skip":true}]},"17":{"line":180,"type":"binary-expr","locations":[{"start":{"line":180,"column":41},"end":{"line":180,"column":71},"skip":true},{"start":{"line":180,"column":75},"end":{"line":189,"column":9},"skip":true}]}},"code":["/* istanbul instrument in package npmtest_resume_cli */","/*jslint","    bitwise: true,","    browser: true,","    maxerr: 8,","    maxlen: 96,","    node: true,","    nomen: true,","    regexp: true,","    stupid: true","*/","(function () {","    'use strict';","    var local;","","","","    // run shared js-env code - pre-init","    (function () {","        // init local","        local = {};","        // init modeJs","        local.modeJs = (function () {","            try {","                return typeof navigator.userAgent === 'string' &&","                    typeof document.querySelector('body') === 'object' &&","                    typeof XMLHttpRequest.prototype.open === 'function' &&","                    'browser';","            } catch (errorCaughtBrowser) {","                return module.exports &&","                    typeof process.versions.node === 'string' &&","                    typeof require('http').createServer === 'function' &&","                    'node';","            }","        }());","        // init global","        local.global = local.modeJs === 'browser'","            ? window","            : global;","        switch (local.modeJs) {","        // re-init local from window.local","        case 'browser':","            local = local.global.utility2.objectSetDefault(","                local.global.utility2_rollup || local.global.local,","                local.global.utility2","            );","            break;","        // re-init local from example.js","        case 'node':","            local = (local.global.utility2_rollup || require('utility2'))","                .requireExampleJsFromReadme();","            break;","        }","        // export local","        local.global.local = local;","    }());","","","","    // run shared js-env code - function","    (function () {","        return;","    }());","    switch (local.modeJs) {","","","","    // run browser js-env code - function","    case 'browser':","        break;","","","","    // run node js-env code - function","    case 'node':","        break;","    }","","","","    // run shared js-env code - post-init","    (function () {","        return;","    }());","    switch (local.modeJs) {","","","","    // run browser js-env code - post-init","    case 'browser':","        local.testCase_browser_nullCase = local.testCase_browser_nullCase || function (","            options,","            onError","        ) {","        /*","         * this function will test browsers's null-case handling-behavior-behavior","         */","            onError(null, options);","        };","","        // run tests","        local.nop(local.modeTest &&","            document.querySelector('#testRunButton1') &&","            document.querySelector('#testRunButton1').click());","        break;","","","","    // run node js-env code - post-init","    /* istanbul ignore next */","    case 'node':","        local.testCase_buildApidoc_default = local.testCase_buildApidoc_default || function (","            options,","            onError","        ) {","        /*","         * this function will test buildApidoc's default handling-behavior-behavior","         */","            options = { modulePathList: module.paths };","            local.buildApidoc(options, onError);","        };","","        local.testCase_buildApp_default = local.testCase_buildApp_default || function (","            options,","            onError","        ) {","        /*","         * this function will test buildApp's default handling-behavior-behavior","         */","            local.testCase_buildReadme_default(options, local.onErrorThrow);","            local.testCase_buildLib_default(options, local.onErrorThrow);","            local.testCase_buildTest_default(options, local.onErrorThrow);","            local.testCase_buildCustomOrg_default(options, local.onErrorThrow);","            options = [];","            local.buildApp(options, onError);","        };","","        local.testCase_buildCustomOrg_default = local.testCase_buildCustomOrg_default ||","            function (options, onError) {","            /*","             * this function will test buildCustomOrg's default handling-behavior","             */","                options = {};","                local.buildCustomOrg(options, onError);","            };","","        local.testCase_buildLib_default = local.testCase_buildLib_default || function (","            options,","            onError","        ) {","        /*","         * this function will test buildLib's default handling-behavior","         */","            options = {};","            local.buildLib(options, onError);","        };","","        local.testCase_buildReadme_default = local.testCase_buildReadme_default || function (","            options,","            onError","        ) {","        /*","         * this function will test buildReadme's default handling-behavior-behavior","         */","            options = {};","            local.buildReadme(options, onError);","        };","","        local.testCase_buildTest_default = local.testCase_buildTest_default || function (","            options,","            onError","        ) {","        /*","         * this function will test buildTest's default handling-behavior","         */","            options = {};","            local.buildTest(options, onError);","        };","","        local.testCase_webpage_default = local.testCase_webpage_default || function (","            options,","            onError","        ) {","        /*","         * this function will test webpage's default handling-behavior","         */","            options = { modeCoverageMerge: true, url: local.serverLocalHost + '?modeTest=1' };","            local.browserTest(options, onError);","        };","","        // run test-server","        local.testRunServer(local);","        break;","    }","}());",""],"l":{"12":2,"14":2,"19":2,"21":2,"23":2,"24":2,"25":2,"30":1,"37":2,"40":2,"43":1,"47":1,"50":1,"52":1,"55":2,"61":2,"62":2,"64":2,"70":1,"76":1,"82":2,"83":2,"85":2,"91":1,"98":1,"102":1,"105":1,"112":1,"119":1,"120":1,"123":1,"130":1,"131":1,"132":1,"133":1,"134":1,"135":1,"138":1,"143":2,"144":2,"147":1,"154":2,"155":2,"158":1,"165":2,"166":2,"169":1,"176":2,"177":2,"180":1,"187":1,"188":1,"192":1,"193":1}},"/home/travis/build/npmtest/node-npmtest-resume-cli/lib.npmtest_resume_cli.js":{"path":"/home/travis/build/npmtest/node-npmtest-resume-cli/lib.npmtest_resume_cli.js","s":{"1":2,"2":2,"3":2,"4":2,"5":2,"6":2,"7":2,"8":1,"9":2,"10":2,"11":2,"12":2,"13":1,"14":1,"15":1,"16":1},"b":{"1":[2,1,1,1],"2":[1,1,1,1],"3":[1,1],"4":[2,2],"5":[1,1]},"f":{"1":2,"2":2,"3":2},"fnMap":{"1":{"name":"(anonymous_1)","line":12,"loc":{"start":{"line":12,"column":1},"end":{"line":12,"column":13}}},"2":{"name":"(anonymous_2)","line":19,"loc":{"start":{"line":19,"column":5},"end":{"line":19,"column":17}}},"3":{"name":"(anonymous_3)","line":23,"loc":{"start":{"line":23,"column":24},"end":{"line":23,"column":36}}}},"statementMap":{"1":{"start":{"line":12,"column":0},"end":{"line":53,"column":5}},"2":{"start":{"line":14,"column":4},"end":{"line":14,"column":14}},"3":{"start":{"line":19,"column":4},"end":{"line":52,"column":9}},"4":{"start":{"line":21,"column":8},"end":{"line":21,"column":19}},"5":{"start":{"line":23,"column":8},"end":{"line":35,"column":13}},"6":{"start":{"line":24,"column":12},"end":{"line":34,"column":13}},"7":{"start":{"line":25,"column":16},"end":{"line":28,"column":30}},"8":{"start":{"line":30,"column":16},"end":{"line":33,"column":27}},"9":{"start":{"line":37,"column":8},"end":{"line":39,"column":21}},"10":{"start":{"line":41,"column":8},"end":{"line":41,"column":54}},"11":{"start":{"line":43,"column":8},"end":{"line":43,"column":55}},"12":{"start":{"line":45,"column":8},"end":{"line":51,"column":9}},"13":{"start":{"line":46,"column":12},"end":{"line":46,"column":61}},"14":{"start":{"line":48,"column":12},"end":{"line":48,"column":35}},"15":{"start":{"line":49,"column":12},"end":{"line":49,"column":49}},"16":{"start":{"line":50,"column":12},"end":{"line":50,"column":43}}},"branchMap":{"1":{"line":25,"type":"binary-expr","locations":[{"start":{"line":25,"column":23},"end":{"line":25,"column":62}},{"start":{"line":26,"column":20},"end":{"line":26,"column":70}},{"start":{"line":27,"column":20},"end":{"line":27,"column":71}},{"start":{"line":28,"column":20},"end":{"line":28,"column":29}}]},"2":{"line":30,"type":"binary-expr","locations":[{"start":{"line":30,"column":23},"end":{"line":30,"column":37}},{"start":{"line":31,"column":20},"end":{"line":31,"column":61}},{"start":{"line":32,"column":20},"end":{"line":32,"column":70}},{"start":{"line":33,"column":20},"end":{"line":33,"column":26}}]},"3":{"line":37,"type":"cond-expr","locations":[{"start":{"line":38,"column":14},"end":{"line":38,"column":20}},{"start":{"line":39,"column":14},"end":{"line":39,"column":20}}]},"4":{"line":41,"type":"binary-expr","locations":[{"start":{"line":41,"column":16},"end":{"line":41,"column":44}},{"start":{"line":41,"column":48},"end":{"line":41,"column":53}}]},"5":{"line":45,"type":"if","locations":[{"start":{"line":45,"column":8},"end":{"line":45,"column":8}},{"start":{"line":45,"column":8},"end":{"line":45,"column":8}}]}},"code":["/* istanbul instrument in package npmtest_resume_cli */","/*jslint","    bitwise: true,","    browser: true,","    maxerr: 8,","    maxlen: 96,","    node: true,","    nomen: true,","    regexp: true,","    stupid: true","*/","(function () {","    'use strict';","    var local;","","","","    // run shared js-env code - pre-init","    (function () {","        // init local","        local = {};","        // init modeJs","        local.modeJs = (function () {","            try {","                return typeof navigator.userAgent === 'string' &&","                    typeof document.querySelector('body') === 'object' &&","                    typeof XMLHttpRequest.prototype.open === 'function' &&","                    'browser';","            } catch (errorCaughtBrowser) {","                return module.exports &&","                    typeof process.versions.node === 'string' &&","                    typeof require('http').createServer === 'function' &&","                    'node';","            }","        }());","        // init global","        local.global = local.modeJs === 'browser'","            ? window","            : global;","        // init utility2_rollup","        local = local.global.utility2_rollup || local;","        // init lib","        local.local = local.npmtest_resume_cli = local;","        // init exports","        if (local.modeJs === 'browser') {","            local.global.utility2_npmtest_resume_cli = local;","        } else {","            module.exports = local;","            module.exports.__dirname = __dirname;","            module.exports.module = module;","        }","    }());","}());",""],"l":{"12":2,"14":2,"19":2,"21":2,"23":2,"24":2,"25":2,"30":1,"37":2,"41":2,"43":2,"45":2,"46":1,"48":1,"49":1,"50":1}},"/home/travis/build/npmtest/node-npmtest-resume-cli/example.js":{"path":"/home/travis/build/npmtest/node-npmtest-resume-cli/example.js","s":{"1":2,"2":2,"3":2,"4":2,"5":2,"6":2,"7":2,"8":1,"9":2,"10":2,"11":2,"12":2,"13":1,"14":2,"15":2,"16":2,"17":2,"18":2,"19":0,"20":2,"21":1,"22":1,"23":1,"24":1,"25":1,"26":0,"27":0,"28":1,"29":1,"30":2,"31":0,"32":0,"33":0,"34":1,"35":2,"36":2,"37":3,"38":3,"39":3,"40":3,"41":0,"42":3,"43":3,"44":3,"45":1,"46":3,"47":1,"48":1,"49":1,"50":1,"51":1,"52":1,"53":1,"54":1,"55":1,"56":1,"57":0,"58":1,"59":6,"60":6,"61":1,"62":2,"63":0,"64":2,"65":1,"66":1,"67":0,"68":0,"69":0,"70":0,"71":0,"72":0,"73":0,"74":0,"75":0,"76":0,"77":0,"78":0,"79":0,"80":0,"81":0,"82":0,"83":0},"b":{"1":[2,1,1,1],"2":[1,1,1,1],"3":[1,1],"4":[2,2],"5":[1,1],"6":[1,1],"7":[2,0],"8":[2,1,1,1,1,1],"9":[0,2,0],"10":[1,1],"11":[2,1,1],"12":[1,0],"13":[0,2],"14":[2,0,0,0,0,0,0],"15":[0,3],"16":[3,0],"17":[1,1],"18":[0,1],"19":[1,2,0,2],"20":[1,0],"21":[1,1],"22":[0,0],"23":[0,0],"24":[0,0],"25":[0,0],"26":[0,0],"27":[0,0],"28":[0,0]},"f":{"1":2,"2":2,"3":2,"4":2,"5":2,"6":2,"7":3,"8":3,"9":3,"10":1,"11":6,"12":0},"fnMap":{"1":{"name":"(anonymous_1)","line":26,"loc":{"start":{"line":26,"column":1},"end":{"line":26,"column":13}}},"2":{"name":"(anonymous_2)","line":33,"loc":{"start":{"line":33,"column":5},"end":{"line":33,"column":17}}},"3":{"name":"(anonymous_3)","line":37,"loc":{"start":{"line":37,"column":24},"end":{"line":37,"column":36}}},"4":{"name":"(anonymous_4)","line":69,"loc":{"start":{"line":69,"column":31},"end":{"line":69,"column":48}},"skip":true},"5":{"name":"(anonymous_5)","line":78,"loc":{"start":{"line":78,"column":26},"end":{"line":78,"column":45}},"skip":true},"6":{"name":"(anonymous_6)","line":123,"loc":{"start":{"line":123,"column":33},"end":{"line":123,"column":48}},"skip":true},"7":{"name":"(anonymous_7)","line":125,"loc":{"start":{"line":125,"column":27},"end":{"line":125,"column":39}},"skip":true},"8":{"name":"(anonymous_8)","line":133,"loc":{"start":{"line":133,"column":59},"end":{"line":133,"column":74}},"skip":true},"9":{"name":"(anonymous_9)","line":143,"loc":{"start":{"line":143,"column":45},"end":{"line":143,"column":62}},"skip":true},"10":{"name":"(anonymous_10)","line":144,"loc":{"start":{"line":144,"column":73},"end":{"line":144,"column":92}},"skip":true},"11":{"name":"(anonymous_11)","line":272,"loc":{"start":{"line":272,"column":51},"end":{"line":272,"column":77}},"skip":true},"12":{"name":"(anonymous_12)","line":315,"loc":{"start":{"line":315,"column":32},"end":{"line":315,"column":61}},"skip":true}},"statementMap":{"1":{"start":{"line":26,"column":0},"end":{"line":326,"column":5}},"2":{"start":{"line":28,"column":4},"end":{"line":28,"column":14}},"3":{"start":{"line":33,"column":4},"end":{"line":60,"column":9}},"4":{"start":{"line":35,"column":8},"end":{"line":35,"column":19}},"5":{"start":{"line":37,"column":8},"end":{"line":49,"column":13}},"6":{"start":{"line":38,"column":12},"end":{"line":48,"column":13}},"7":{"start":{"line":39,"column":16},"end":{"line":42,"column":30}},"8":{"start":{"line":44,"column":16},"end":{"line":47,"column":27}},"9":{"start":{"line":51,"column":8},"end":{"line":53,"column":21}},"10":{"start":{"line":55,"column":8},"end":{"line":57,"column":45}},"11":{"start":{"line":59,"column":8},"end":{"line":59,"column":35}},"12":{"start":{"line":61,"column":4},"end":{"line":325,"column":5}},"13":{"start":{"line":69,"column":8},"end":{"line":121,"column":10},"skip":true},"14":{"start":{"line":70,"column":12},"end":{"line":88,"column":13},"skip":true},"15":{"start":{"line":76,"column":16},"end":{"line":87,"column":19},"skip":true},"16":{"start":{"line":79,"column":20},"end":{"line":86,"column":21},"skip":true},"17":{"start":{"line":82,"column":24},"end":{"line":82,"column":43},"skip":true},"18":{"start":{"line":83,"column":24},"end":{"line":83,"column":30},"skip":true},"19":{"start":{"line":85,"column":24},"end":{"line":85,"column":49},"skip":true},"20":{"start":{"line":89,"column":12},"end":{"line":107,"column":13},"skip":true},"21":{"start":{"line":92,"column":16},"end":{"line":102,"column":17},"skip":true},"22":{"start":{"line":93,"column":20},"end":{"line":93,"column":86},"skip":true},"23":{"start":{"line":94,"column":20},"end":{"line":95,"column":45},"skip":true},"24":{"start":{"line":96,"column":20},"end":{"line":96,"column":42},"skip":true},"25":{"start":{"line":97,"column":20},"end":{"line":97,"column":48},"skip":true},"26":{"start":{"line":100,"column":20},"end":{"line":100,"column":85},"skip":true},"27":{"start":{"line":101,"column":20},"end":{"line":101,"column":96},"skip":true},"28":{"start":{"line":103,"column":16},"end":{"line":103,"column":22},"skip":true},"29":{"start":{"line":106,"column":16},"end":{"line":106,"column":22},"skip":true},"30":{"start":{"line":108,"column":12},"end":{"line":120,"column":13},"skip":true},"31":{"start":{"line":114,"column":16},"end":{"line":119,"column":17},"skip":true},"32":{"start":{"line":116,"column":20},"end":{"line":116,"column":78},"skip":true},"33":{"start":{"line":118,"column":20},"end":{"line":118,"column":47},"skip":true},"34":{"start":{"line":123,"column":8},"end":{"line":141,"column":11},"skip":true},"35":{"start":{"line":124,"column":12},"end":{"line":124,"column":54},"skip":true},"36":{"start":{"line":125,"column":12},"end":{"line":140,"column":14},"skip":true},"37":{"start":{"line":126,"column":16},"end":{"line":126,"column":28},"skip":true},"38":{"start":{"line":127,"column":16},"end":{"line":127,"column":69},"skip":true},"39":{"start":{"line":128,"column":16},"end":{"line":128,"column":75},"skip":true},"40":{"start":{"line":129,"column":16},"end":{"line":131,"column":17},"skip":true},"41":{"start":{"line":130,"column":20},"end":{"line":130,"column":27},"skip":true},"42":{"start":{"line":133,"column":16},"end":{"line":137,"column":36},"skip":true},"43":{"start":{"line":134,"column":20},"end":{"line":136,"column":55},"skip":true},"44":{"start":{"line":139,"column":16},"end":{"line":139,"column":57},"skip":true},"45":{"start":{"line":143,"column":8},"end":{"line":147,"column":11},"skip":true},"46":{"start":{"line":144,"column":12},"end":{"line":146,"column":15},"skip":true},"47":{"start":{"line":145,"column":16},"end":{"line":145,"column":70},"skip":true},"48":{"start":{"line":149,"column":8},"end":{"line":149,"column":31},"skip":true},"49":{"start":{"line":150,"column":8},"end":{"line":150,"column":14},"skip":true},"50":{"start":{"line":158,"column":8},"end":{"line":158,"column":31},"skip":true},"51":{"start":{"line":160,"column":8},"end":{"line":160,"column":33},"skip":true},"52":{"start":{"line":161,"column":8},"end":{"line":161,"column":37},"skip":true},"53":{"start":{"line":162,"column":8},"end":{"line":162,"column":35},"skip":true},"54":{"start":{"line":164,"column":8},"end":{"line":164,"column":50},"skip":true},"55":{"start":{"line":166,"column":8},"end":{"line":256,"column":2},"skip":true},"56":{"start":{"line":258,"column":8},"end":{"line":286,"column":9},"skip":true},"57":{"start":{"line":259,"column":12},"end":{"line":269,"column":14},"skip":true},"58":{"start":{"line":271,"column":12},"end":{"line":285,"column":19},"skip":true},"59":{"start":{"line":274,"column":20},"end":{"line":274,"column":35},"skip":true},"60":{"start":{"line":275,"column":20},"end":{"line":284,"column":21},"skip":true},"61":{"start":{"line":277,"column":24},"end":{"line":277,"column":64},"skip":true},"62":{"start":{"line":279,"column":24},"end":{"line":279,"column":40},"skip":true},"63":{"start":{"line":281,"column":24},"end":{"line":281,"column":40},"skip":true},"64":{"start":{"line":283,"column":24},"end":{"line":283,"column":39},"skip":true},"65":{"start":{"line":288,"column":8},"end":{"line":290,"column":9},"skip":true},"66":{"start":{"line":289,"column":12},"end":{"line":289,"column":18},"skip":true},"67":{"start":{"line":291,"column":8},"end":{"line":293,"column":54},"skip":true},"68":{"start":{"line":296,"column":8},"end":{"line":301,"column":37},"skip":true},"69":{"start":{"line":303,"column":8},"end":{"line":303,"column":82},"skip":true},"70":{"start":{"line":306,"column":8},"end":{"line":308,"column":9},"skip":true},"71":{"start":{"line":307,"column":12},"end":{"line":307,"column":82},"skip":true},"72":{"start":{"line":310,"column":8},"end":{"line":312,"column":9},"skip":true},"73":{"start":{"line":311,"column":12},"end":{"line":311,"column":18},"skip":true},"74":{"start":{"line":313,"column":8},"end":{"line":313,"column":54},"skip":true},"75":{"start":{"line":314,"column":8},"end":{"line":314,"column":69},"skip":true},"76":{"start":{"line":315,"column":8},"end":{"line":323,"column":36},"skip":true},"77":{"start":{"line":316,"column":12},"end":{"line":316,"column":61},"skip":true},"78":{"start":{"line":317,"column":12},"end":{"line":320,"column":13},"skip":true},"79":{"start":{"line":318,"column":16},"end":{"line":318,"column":75},"skip":true},"80":{"start":{"line":319,"column":16},"end":{"line":319,"column":23},"skip":true},"81":{"start":{"line":321,"column":12},"end":{"line":321,"column":38},"skip":true},"82":{"start":{"line":322,"column":12},"end":{"line":322,"column":27},"skip":true},"83":{"start":{"line":324,"column":8},"end":{"line":324,"column":14},"skip":true}},"branchMap":{"1":{"line":39,"type":"binary-expr","locations":[{"start":{"line":39,"column":23},"end":{"line":39,"column":62}},{"start":{"line":40,"column":20},"end":{"line":40,"column":70}},{"start":{"line":41,"column":20},"end":{"line":41,"column":71}},{"start":{"line":42,"column":20},"end":{"line":42,"column":29}}]},"2":{"line":44,"type":"binary-expr","locations":[{"start":{"line":44,"column":23},"end":{"line":44,"column":37}},{"start":{"line":45,"column":20},"end":{"line":45,"column":61}},{"start":{"line":46,"column":20},"end":{"line":46,"column":70}},{"start":{"line":47,"column":20},"end":{"line":47,"column":26}}]},"3":{"line":51,"type":"cond-expr","locations":[{"start":{"line":52,"column":14},"end":{"line":52,"column":20}},{"start":{"line":53,"column":14},"end":{"line":53,"column":20}}]},"4":{"line":55,"type":"binary-expr","locations":[{"start":{"line":55,"column":16},"end":{"line":55,"column":44}},{"start":{"line":55,"column":49},"end":{"line":57,"column":43}}]},"5":{"line":55,"type":"cond-expr","locations":[{"start":{"line":56,"column":14},"end":{"line":56,"column":54}},{"start":{"line":57,"column":14},"end":{"line":57,"column":43}}]},"6":{"line":61,"type":"switch","locations":[{"start":{"line":68,"column":4},"end":{"line":150,"column":14},"skip":true},{"start":{"line":156,"column":4},"end":{"line":324,"column":14},"skip":true}]},"7":{"line":70,"type":"if","locations":[{"start":{"line":70,"column":12},"end":{"line":70,"column":12},"skip":true},{"start":{"line":70,"column":12},"end":{"line":70,"column":12},"skip":true}]},"8":{"line":70,"type":"binary-expr","locations":[{"start":{"line":70,"column":16},"end":{"line":70,"column":22},"skip":true},{"start":{"line":70,"column":27},"end":{"line":70,"column":32},"skip":true},{"start":{"line":71,"column":20},"end":{"line":71,"column":39},"skip":true},{"start":{"line":72,"column":20},"end":{"line":72,"column":49},"skip":true},{"start":{"line":73,"column":20},"end":{"line":73,"column":58},"skip":true},{"start":{"line":74,"column":20},"end":{"line":74,"column":69},"skip":true}]},"9":{"line":79,"type":"switch","locations":[{"start":{"line":80,"column":20},"end":{"line":80,"column":33},"skip":true},{"start":{"line":81,"column":20},"end":{"line":83,"column":30},"skip":true},{"start":{"line":84,"column":20},"end":{"line":85,"column":49},"skip":true}]},"10":{"line":89,"type":"switch","locations":[{"start":{"line":90,"column":12},"end":{"line":103,"column":22},"skip":true},{"start":{"line":105,"column":12},"end":{"line":106,"column":22},"skip":true}]},"11":{"line":89,"type":"binary-expr","locations":[{"start":{"line":89,"column":20},"end":{"line":89,"column":25},"skip":true},{"start":{"line":89,"column":29},"end":{"line":89,"column":48},"skip":true},{"start":{"line":89,"column":52},"end":{"line":89,"column":74},"skip":true}]},"12":{"line":92,"type":"if","locations":[{"start":{"line":92,"column":16},"end":{"line":92,"column":16},"skip":true},{"start":{"line":92,"column":16},"end":{"line":92,"column":16},"skip":true}]},"13":{"line":108,"type":"if","locations":[{"start":{"line":108,"column":12},"end":{"line":108,"column":12},"skip":true},{"start":{"line":108,"column":12},"end":{"line":108,"column":12},"skip":true}]},"14":{"line":108,"type":"binary-expr","locations":[{"start":{"line":108,"column":16},"end":{"line":108,"column":61},"skip":true},{"start":{"line":108,"column":66},"end":{"line":108,"column":72},"skip":true},{"start":{"line":108,"column":77},"end":{"line":108,"column":82},"skip":true},{"start":{"line":109,"column":20},"end":{"line":109,"column":39},"skip":true},{"start":{"line":110,"column":20},"end":{"line":110,"column":49},"skip":true},{"start":{"line":111,"column":20},"end":{"line":111,"column":58},"skip":true},{"start":{"line":112,"column":20},"end":{"line":112,"column":68},"skip":true}]},"15":{"line":129,"type":"if","locations":[{"start":{"line":129,"column":16},"end":{"line":129,"column":16},"skip":true},{"start":{"line":129,"column":16},"end":{"line":129,"column":16},"skip":true}]},"16":{"line":134,"type":"cond-expr","locations":[{"start":{"line":135,"column":26},"end":{"line":135,"column":29},"skip":true},{"start":{"line":136,"column":26},"end":{"line":136,"column":54},"skip":true}]},"17":{"line":164,"type":"binary-expr","locations":[{"start":{"line":164,"column":27},"end":{"line":164,"column":43},"skip":true},{"start":{"line":164,"column":47},"end":{"line":164,"column":49},"skip":true}]},"18":{"line":258,"type":"if","locations":[{"start":{"line":258,"column":8},"end":{"line":258,"column":8},"skip":true},{"start":{"line":258,"column":8},"end":{"line":258,"column":8},"skip":true}]},"19":{"line":275,"type":"switch","locations":[{"start":{"line":276,"column":20},"end":{"line":277,"column":64},"skip":true},{"start":{"line":278,"column":20},"end":{"line":279,"column":40},"skip":true},{"start":{"line":280,"column":20},"end":{"line":281,"column":40},"skip":true},{"start":{"line":282,"column":20},"end":{"line":283,"column":39},"skip":true}]},"20":{"line":288,"type":"if","locations":[{"start":{"line":288,"column":8},"end":{"line":288,"column":8},"skip":true},{"start":{"line":288,"column":8},"end":{"line":288,"column":8},"skip":true}]},"21":{"line":288,"type":"binary-expr","locations":[{"start":{"line":288,"column":12},"end":{"line":288,"column":40},"skip":true},{"start":{"line":288,"column":44},"end":{"line":288,"column":67},"skip":true}]},"22":{"line":292,"type":"binary-expr","locations":[{"start":{"line":292,"column":12},"end":{"line":292,"column":50},"skip":true},{"start":{"line":293,"column":12},"end":{"line":293,"column":53},"skip":true}]},"23":{"line":297,"type":"binary-expr","locations":[{"start":{"line":297,"column":12},"end":{"line":297,"column":68},"skip":true},{"start":{"line":298,"column":12},"end":{"line":301,"column":36},"skip":true}]},"24":{"line":303,"type":"binary-expr","locations":[{"start":{"line":303,"column":43},"end":{"line":303,"column":75},"skip":true},{"start":{"line":303,"column":79},"end":{"line":303,"column":81},"skip":true}]},"25":{"line":306,"type":"if","locations":[{"start":{"line":306,"column":8},"end":{"line":306,"column":8},"skip":true},{"start":{"line":306,"column":8},"end":{"line":306,"column":8},"skip":true}]},"26":{"line":310,"type":"if","locations":[{"start":{"line":310,"column":8},"end":{"line":310,"column":8},"skip":true},{"start":{"line":310,"column":8},"end":{"line":310,"column":8},"skip":true}]},"27":{"line":313,"type":"binary-expr","locations":[{"start":{"line":313,"column":27},"end":{"line":313,"column":43},"skip":true},{"start":{"line":313,"column":47},"end":{"line":313,"column":53},"skip":true}]},"28":{"line":317,"type":"if","locations":[{"start":{"line":317,"column":12},"end":{"line":317,"column":12},"skip":true},{"start":{"line":317,"column":12},"end":{"line":317,"column":12},"skip":true}]}},"code":["/*","example.js","","quickstart example","","instruction","    1. save this script as example.js","    2. run the shell command:","        $ npm install npmtest-resume-cli && PORT=8081 node example.js","    3. play with the browser-demo on http://127.0.0.1:8081","*/","","","","/* istanbul instrument in package npmtest_resume_cli */","/*jslint","    bitwise: true,","    browser: true,","    maxerr: 8,","    maxlen: 96,","    node: true,","    nomen: true,","    regexp: true,","    stupid: true","*/","(function () {","    'use strict';","    var local;","","","","    // run shared js-env code - pre-init","    (function () {","        // init local","        local = {};","        // init modeJs","        local.modeJs = (function () {","            try {","                return typeof navigator.userAgent === 'string' &&","                    typeof document.querySelector('body') === 'object' &&","                    typeof XMLHttpRequest.prototype.open === 'function' &&","                    'browser';","            } catch (errorCaughtBrowser) {","                return module.exports &&","                    typeof process.versions.node === 'string' &&","                    typeof require('http').createServer === 'function' &&","                    'node';","            }","        }());","        // init global","        local.global = local.modeJs === 'browser'","            ? window","            : global;","        // init utility2_rollup","        local = local.global.utility2_rollup || (local.modeJs === 'browser'","            ? local.global.utility2_npmtest_resume_cli","            : global.utility2_moduleExports);","        // export local","        local.global.local = local;","    }());","    switch (local.modeJs) {","","","","    // post-init","    // run browser js-env code - post-init","    /* istanbul ignore next */","    case 'browser':","        local.testRunBrowser = function (event) {","            if (!event || (event &&","                    event.currentTarget &&","                    event.currentTarget.className &&","                    event.currentTarget.className.includes &&","                    event.currentTarget.className.includes('onreset'))) {","                // reset output","                Array.from(","                    document.querySelectorAll('body > .resettable')","                ).forEach(function (element) {","                    switch (element.tagName) {","                    case 'INPUT':","                    case 'TEXTAREA':","                        element.value = '';","                        break;","                    default:","                        element.textContent = '';","                    }","                });","            }","            switch (event && event.currentTarget && event.currentTarget.id) {","            case 'testRunButton1':","                // show tests","                if (document.querySelector('#testReportDiv1').style.display === 'none') {","                    document.querySelector('#testReportDiv1').style.display = 'block';","                    document.querySelector('#testRunButton1').textContent =","                        'hide internal test';","                    local.modeTest = true;","                    local.testRunDefault(local);","                // hide tests","                } else {","                    document.querySelector('#testReportDiv1').style.display = 'none';","                    document.querySelector('#testRunButton1').textContent = 'run internal test';","                }","                break;","            // custom-case","            default:","                break;","            }","            if (document.querySelector('#inputTextareaEval1') && (!event || (event &&","                    event.currentTarget &&","                    event.currentTarget.className &&","                    event.currentTarget.className.includes &&","                    event.currentTarget.className.includes('oneval')))) {","                // try to eval input-code","                try {","                    /*jslint evil: true*/","                    eval(document.querySelector('#inputTextareaEval1').value);","                } catch (errorCaught) {","                    console.error(errorCaught);","                }","            }","        };","        // log stderr and stdout to #outputTextareaStdout1","        ['error', 'log'].forEach(function (key) {","            console[key + '_original'] = console[key];","            console[key] = function () {","                var element;","                console[key + '_original'].apply(console, arguments);","                element = document.querySelector('#outputTextareaStdout1');","                if (!element) {","                    return;","                }","                // append text to #outputTextareaStdout1","                element.value += Array.from(arguments).map(function (arg) {","                    return typeof arg === 'string'","                        ? arg","                        : JSON.stringify(arg, null, 4);","                }).join(' ') + '\\n';","                // scroll textarea to bottom","                element.scrollTop = element.scrollHeight;","            };","        });","        // init event-handling","        ['change', 'click', 'keyup'].forEach(function (event) {","            Array.from(document.querySelectorAll('.on' + event)).forEach(function (element) {","                element.addEventListener(event, local.testRunBrowser);","            });","        });","        // run tests","        local.testRunBrowser();","        break;","","","","    // run node js-env code - post-init","    /* istanbul ignore next */","    case 'node':","        // export local","        module.exports = local;","        // require modules","        local.fs = require('fs');","        local.http = require('http');","        local.url = require('url');","        // init assets","        local.assetsDict = local.assetsDict || {};","        /* jslint-ignore-begin */","        local.assetsDict['/assets.index.template.html'] = '\\","<!doctype html>\\n\\","<html lang=\"en\">\\n\\","<head>\\n\\","<meta charset=\"UTF-8\">\\n\\","<meta name=\"viewport\" content=\"width=device-width, initial-scale=1\">\\n\\","<title>{{env.npm_package_name}} (v{{env.npm_package_version}})</title>\\n\\","<style>\\n\\","/*csslint\\n\\","    box-sizing: false,\\n\\","    universal-selector: false\\n\\","*/\\n\\","* {\\n\\","    box-sizing: border-box;\\n\\","}\\n\\","body {\\n\\","    background: #dde;\\n\\","    font-family: Arial, Helvetica, sans-serif;\\n\\","    margin: 2rem;\\n\\","}\\n\\","body > * {\\n\\","    margin-bottom: 1rem;\\n\\","}\\n\\",".utility2FooterDiv {\\n\\","    margin-top: 20px;\\n\\","    text-align: center;\\n\\","}\\n\\","</style>\\n\\","<style>\\n\\","/*csslint\\n\\","*/\\n\\","textarea {\\n\\","    font-family: monospace;\\n\\","    height: 10rem;\\n\\","    width: 100%;\\n\\","}\\n\\","textarea[readonly] {\\n\\","    background: #ddd;\\n\\","}\\n\\","</style>\\n\\","</head>\\n\\","<body>\\n\\","<!-- utility2-comment\\n\\","<div id=\"ajaxProgressDiv1\" style=\"background: #d00; height: 2px; left: 0; margin: 0; padding: 0; position: fixed; top: 0; transition: background 0.5s, width 1.5s; width: 25%;\"></div>\\n\\","utility2-comment -->\\n\\","<h1>\\n\\","<!-- utility2-comment\\n\\","    <a\\n\\","        {{#if env.npm_package_homepage}}\\n\\","        href=\"{{env.npm_package_homepage}}\"\\n\\","        {{/if env.npm_package_homepage}}\\n\\","        target=\"_blank\"\\n\\","    >\\n\\","utility2-comment -->\\n\\","        {{env.npm_package_name}} (v{{env.npm_package_version}})\\n\\","<!-- utility2-comment\\n\\","    </a>\\n\\","utility2-comment -->\\n\\","</h1>\\n\\","<h3>{{env.npm_package_description}}</h3>\\n\\","<!-- utility2-comment\\n\\","<h4><a download href=\"assets.app.js\">download standalone app</a></h4>\\n\\","<button class=\"onclick onreset\" id=\"testRunButton1\">run internal test</button><br>\\n\\","<div id=\"testReportDiv1\" style=\"display: none;\"></div>\\n\\","utility2-comment -->\\n\\","\\n\\","\\n\\","\\n\\","<label>stderr and stdout</label>\\n\\","<textarea class=\"resettable\" id=\"outputTextareaStdout1\" readonly></textarea>\\n\\","<!-- utility2-comment\\n\\","{{#if isRollup}}\\n\\","<script src=\"assets.app.js\"></script>\\n\\","{{#unless isRollup}}\\n\\","utility2-comment -->\\n\\","<script src=\"assets.utility2.rollup.js\"></script>\\n\\","<script src=\"jsonp.utility2._stateInit?callback=window.utility2._stateInit\"></script>\\n\\","<script src=\"assets.npmtest_resume_cli.rollup.js\"></script>\\n\\","<script src=\"assets.example.js\"></script>\\n\\","<script src=\"assets.test.js\"></script>\\n\\","<!-- utility2-comment\\n\\","{{/if isRollup}}\\n\\","utility2-comment -->\\n\\","<div class=\"utility2FooterDiv\">\\n\\","    [ this app was created with\\n\\","    <a href=\"https://github.com/kaizhu256/node-utility2\" target=\"_blank\">utility2</a>\\n\\","    ]\\n\\","</div>\\n\\","</body>\\n\\","</html>\\n\\","';","        /* jslint-ignore-end */","        if (local.templateRender) {","            local.assetsDict['/'] = local.templateRender(","                local.assetsDict['/assets.index.template.html'],","                {","                    env: local.objectSetDefault(local.env, {","                        npm_package_description: 'the greatest app in the world!',","                        npm_package_name: 'my-app',","                        npm_package_nameAlias: 'my_app',","                        npm_package_version: '0.0.1'","                    })","                }","            );","        } else {","            local.assetsDict['/'] = local.assetsDict['/assets.index.template.html']","                .replace((/\\{\\{env\\.(\\w+?)\\}\\}/g), function (match0, match1) {","                    // jslint-hack","                    String(match0);","                    switch (match1) {","                    case 'npm_package_description':","                        return 'the greatest app in the world!';","                    case 'npm_package_name':","                        return 'my-app';","                    case 'npm_package_nameAlias':","                        return 'my_app';","                    case 'npm_package_version':","                        return '0.0.1';","                    }","                });","        }","        // run the cli","        if (local.global.utility2_rollup || module !== require.main) {","            break;","        }","        local.assetsDict['/assets.example.js'] =","            local.assetsDict['/assets.example.js'] ||","            local.fs.readFileSync(__filename, 'utf8');","        // bug-workaround - long $npm_package_buildCustomOrg","        /* jslint-ignore-begin */","        local.assetsDict['/assets.npmtest_resume_cli.rollup.js'] =","            local.assetsDict['/assets.npmtest_resume_cli.rollup.js'] ||","            local.fs.readFileSync(","                local.npmtest_resume_cli.__dirname + '/lib.npmtest_resume_cli.js',","                'utf8'","            ).replace((/^#!/), '//');","        /* jslint-ignore-end */","        local.assetsDict['/favicon.ico'] = local.assetsDict['/favicon.ico'] || '';","        // if $npm_config_timeout_exit exists,","        // then exit this process after $npm_config_timeout_exit ms","        if (Number(process.env.npm_config_timeout_exit)) {","            setTimeout(process.exit, Number(process.env.npm_config_timeout_exit));","        }","        // start server","        if (local.global.utility2_serverHttp1) {","            break;","        }","        process.env.PORT = process.env.PORT || '8081';","        console.error('server starting on port ' + process.env.PORT);","        local.http.createServer(function (request, response) {","            request.urlParsed = local.url.parse(request.url);","            if (local.assetsDict[request.urlParsed.pathname] !== undefined) {","                response.end(local.assetsDict[request.urlParsed.pathname]);","                return;","            }","            response.statusCode = 404;","            response.end();","        }).listen(process.env.PORT);","        break;","    }","}());",""],"l":{"26":2,"28":2,"33":2,"35":2,"37":2,"38":2,"39":2,"44":1,"51":2,"55":2,"59":2,"61":2,"69":1,"70":2,"76":2,"79":2,"82":2,"83":2,"85":1,"89":2,"92":1,"93":1,"94":1,"96":1,"97":1,"100":1,"101":1,"103":1,"106":1,"108":2,"114":1,"116":1,"118":1,"123":1,"124":2,"125":2,"126":3,"127":3,"128":3,"129":3,"130":1,"133":3,"134":3,"139":3,"143":1,"144":3,"145":1,"149":1,"150":1,"158":1,"160":1,"161":1,"162":1,"164":1,"166":1,"258":1,"259":1,"271":1,"274":6,"275":6,"277":1,"279":2,"281":1,"283":2,"288":1,"289":1,"291":1,"296":1,"303":1,"306":1,"307":1,"310":1,"311":1,"313":1,"314":1,"315":1,"316":1,"317":1,"318":1,"319":1,"321":1,"322":1,"324":1}},"/home/travis/build/npmtest/node-npmtest-resume-cli/node_modules/resume-cli/index.js":{"path":"/home/travis/build/npmtest/node-npmtest-resume-cli/node_modules/resume-cli/index.js","s":{"1":1,"2":1,"3":1,"4":1,"5":1,"6":1,"7":1,"8":1,"9":1,"10":0,"11":0,"12":0,"13":0,"14":0,"15":0,"16":0,"17":0,"18":0,"19":0,"20":0,"21":0,"22":0,"23":0,"24":0,"25":0,"26":0,"27":0,"28":0,"29":0,"30":0,"31":0,"32":0,"33":0,"34":0,"35":0,"36":0,"37":0,"38":0,"39":0,"40":0},"b":{"1":[0,0],"2":[0,0],"3":[0,0]},"f":{"1":0,"2":0,"3":0,"4":0,"5":0,"6":0,"7":0,"8":0,"9":0,"10":0,"11":0,"12":0},"fnMap":{"1":{"name":"(anonymous_1)","line":12,"loc":{"start":{"line":12,"column":12},"end":{"line":12,"column":35}}},"2":{"name":"(anonymous_2)","line":31,"loc":{"start":{"line":31,"column":12},"end":{"line":31,"column":23}}},"3":{"name":"(anonymous_3)","line":38,"loc":{"start":{"line":38,"column":12},"end":{"line":38,"column":23}}},"4":{"name":"(anonymous_4)","line":45,"loc":{"start":{"line":45,"column":12},"end":{"line":45,"column":23}}},"5":{"name":"(anonymous_5)","line":52,"loc":{"start":{"line":52,"column":12},"end":{"line":52,"column":23}}},"6":{"name":"(anonymous_6)","line":59,"loc":{"start":{"line":59,"column":12},"end":{"line":59,"column":23}}},"7":{"name":"(anonymous_7)","line":60,"loc":{"start":{"line":60,"column":36},"end":{"line":60,"column":62}}},"8":{"name":"(anonymous_8)","line":68,"loc":{"start":{"line":68,"column":12},"end":{"line":68,"column":31}}},"9":{"name":"(anonymous_9)","line":69,"loc":{"start":{"line":69,"column":54},"end":{"line":69,"column":86}}},"10":{"name":"(anonymous_10)","line":77,"loc":{"start":{"line":77,"column":12},"end":{"line":77,"column":23}}},"11":{"name":"(anonymous_11)","line":84,"loc":{"start":{"line":84,"column":12},"end":{"line":84,"column":23}}},"12":{"name":"(anonymous_12)","line":90,"loc":{"start":{"line":90,"column":43},"end":{"line":90,"column":57}}}},"statementMap":{"1":{"start":{"line":3,"column":0},"end":{"line":3,"column":39}},"2":{"start":{"line":4,"column":0},"end":{"line":4,"column":47}},"3":{"start":{"line":5,"column":0},"end":{"line":5,"column":38}},"4":{"start":{"line":6,"column":0},"end":{"line":6,"column":35}},"5":{"start":{"line":7,"column":0},"end":{"line":7,"column":31}},"6":{"start":{"line":8,"column":0},"end":{"line":8,"column":29}},"7":{"start":{"line":9,"column":0},"end":{"line":9,"column":27}},"8":{"start":{"line":10,"column":0},"end":{"line":10,"column":27}},"9":{"start":{"line":12,"column":0},"end":{"line":103,"column":3}},"10":{"start":{"line":14,"column":2},"end":{"line":14,"column":37}},"11":{"start":{"line":15,"column":2},"end":{"line":15,"column":33}},"12":{"start":{"line":17,"column":2},"end":{"line":26,"column":98}},"13":{"start":{"line":28,"column":2},"end":{"line":33,"column":7}},"14":{"start":{"line":32,"column":6},"end":{"line":32,"column":16}},"15":{"start":{"line":35,"column":2},"end":{"line":40,"column":7}},"16":{"start":{"line":39,"column":6},"end":{"line":39,"column":31}},"17":{"start":{"line":42,"column":2},"end":{"line":47,"column":7}},"18":{"start":{"line":46,"column":6},"end":{"line":46,"column":28}},"19":{"start":{"line":49,"column":2},"end":{"line":54,"column":7}},"20":{"start":{"line":53,"column":6},"end":{"line":53,"column":48}},"21":{"start":{"line":56,"column":2},"end":{"line":63,"column":7}},"22":{"start":{"line":60,"column":6},"end":{"line":62,"column":9}},"23":{"start":{"line":61,"column":8},"end":{"line":61,"column":47}},"24":{"start":{"line":65,"column":2},"end":{"line":72,"column":7}},"25":{"start":{"line":69,"column":6},"end":{"line":71,"column":9}},"26":{"start":{"line":70,"column":8},"end":{"line":70,"column":130}},"27":{"start":{"line":74,"column":2},"end":{"line":79,"column":7}},"28":{"start":{"line":78,"column":6},"end":{"line":78,"column":47}},"29":{"start":{"line":81,"column":2},"end":{"line":86,"column":7}},"30":{"start":{"line":85,"column":6},"end":{"line":85,"column":90}},"31":{"start":{"line":88,"column":2},"end":{"line":88,"column":30}},"32":{"start":{"line":90,"column":2},"end":{"line":92,"column":5}},"33":{"start":{"line":91,"column":4},"end":{"line":91,"column":21}},"34":{"start":{"line":94,"column":2},"end":{"line":102,"column":3}},"35":{"start":{"line":95,"column":4},"end":{"line":95,"column":67}},"36":{"start":{"line":96,"column":4},"end":{"line":96,"column":19}},"37":{"start":{"line":98,"column":9},"end":{"line":102,"column":3}},"38":{"start":{"line":99,"column":4},"end":{"line":99,"column":58}},"39":{"start":{"line":100,"column":4},"end":{"line":100,"column":67}},"40":{"start":{"line":101,"column":4},"end":{"line":101,"column":19}}},"branchMap":{"1":{"line":61,"type":"binary-expr","locations":[{"start":{"line":61,"column":8},"end":{"line":61,"column":13}},{"start":{"line":61,"column":17},"end":{"line":61,"column":46}}]},"2":{"line":94,"type":"if","locations":[{"start":{"line":94,"column":2},"end":{"line":94,"column":2}},{"start":{"line":94,"column":2},"end":{"line":94,"column":2}}]},"3":{"line":98,"type":"if","locations":[{"start":{"line":98,"column":9},"end":{"line":98,"column":9}},{"start":{"line":98,"column":9},"end":{"line":98,"column":9}}]}},"code":["//#!/usr/bin/env node","","require('dotenv').load({silent: true});","var pkg = require(__dirname + '/package.json');","var lib = require(__dirname + '/lib');","var program = require('commander');","var colors = require('colors');","var chalk = require('chalk');","var read = require('read');","var path = require('path');","","lib.preFlow(function(err, results) {","","  var resumeJson = results.getResume;","  var config = results.getConfig;","","  program","    .usage(\"[command] [options]\")","    .version(pkg.version)","    .option('-t, --theme <theme name>', 'Specify theme for export or publish (modern, crisp, flat: default)', 'flat')","    .option('-F, --force', 'Used by `publish` - bypasses schema testing.')","    .option('-f, --format <file type extension>', 'Used by `export`.')","    .option('-r, --resume <resume filename>', 'Used by `serve` (default: resume.json)', path.join(process.cwd(), 'resume.json'))","    .option('-p, --port <port>', 'Used by `serve` (default: 4000)', 4000)","    .option('-s, --silent', 'Used by `serve` to tell it if open browser auto or not.', false)","    .option('-d, --dir <path>', 'Used by `serve` to indicate a public directory path.', 'public');","","  program","    .command('init')","    .description('Initialize a resume.json file')","    .action(function() {","      lib.init()","    });","","  program","    .command('register')","    .description('Register an account at https://registry.jsonresume.org')","    .action(function() {","      lib.register(resumeJson);","    });","","  program","    .command('login')","    .description('Stores a user session.')","    .action(function() {","      lib.login(resumeJson);","    });","","  program","    .command('settings')","    .description('Change theme, change password, delete account.')","    .action(function() {","      lib.settings(resumeJson, program, config);","    });","","  program","    .command('test')","    .description('Schema validation test your resume.json')","    .action(function() {","      lib.test.validate(resumeJson, function(error, response) {","        error && console.log(response.message);","      });","    });","","  program","    .command('export [fileName]')","    .description('Export locally to .html or .pdf. Supply a --format <file format> flag and argument to specify export format.')","    .action(function(fileName) {","      lib.exportResume(resumeJson, fileName, program, function(err, fileName, format) {","        console.log(chalk.green('\\nDone! Find your new', format, 'resume at:\\n', path.resolve(process.cwd(), fileName + format)));","      });","    });","","  program","    .command('publish')","    .description('Publish your resume to https://registry.jsonresume.org')","    .action(function() {","      lib.publish(resumeJson, program, config);","    });","","  program","    .command('serve')","    .description('Serve resume at http://localhost:4000/')","    .action(function() {","      lib.serve(program.port, program.theme, program.silent, program.dir, program.resume);","    });","","  program.parse(process.argv);","","  var validCommands = program.commands.map(function(cmd) {","    return cmd._name;","  });","","  if (!program.args.length) {","    console.log('resume-cli:'.cyan, 'http://jsonresume.org', '\\n');","    program.help();","","  } else if (validCommands.indexOf(process.argv[2]) === -1) {","    console.log('Invalid argument:'.red, process.argv[2]);","    console.log('resume-cli:'.cyan, 'http://jsonresume.org', '\\n');","    program.help();","  }","});",""],"l":{"3":1,"4":1,"5":1,"6":1,"7":1,"8":1,"9":1,"10":1,"12":1,"14":0,"15":0,"17":0,"28":0,"32":0,"35":0,"39":0,"42":0,"46":0,"49":0,"53":0,"56":0,"60":0,"61":0,"65":0,"69":0,"70":0,"74":0,"78":0,"81":0,"85":0,"88":0,"90":0,"91":0,"94":0,"95":0,"96":0,"98":0,"99":0,"100":0,"101":0}},"/home/travis/build/npmtest/node-npmtest-resume-cli/node_modules/resume-cli/lib/index.js":{"path":"/home/travis/build/npmtest/node-npmtest-resume-cli/node_modules/resume-cli/lib/index.js","s":{"1":1},"b":{},"f":{},"fnMap":{},"statementMap":{"1":{"start":{"line":1,"column":0},"end":{"line":12,"column":2}}},"branchMap":{},"code":["module.exports = {","    init: require('./init'),","    test: require('./test'),","    publish: require('./publish'),","    register: require('./register'),","    exportResume: require('./export-resume'),","    settings: require('./settings'),","    serve: require('./serve'),","    version: require('./version'),","    login: require('./login'),","    preFlow: require('./pre-flow')","};",""],"l":{"1":1}},"/home/travis/build/npmtest/node-npmtest-resume-cli/node_modules/resume-cli/lib/init.js":{"path":"/home/travis/build/npmtest/node-npmtest-resume-cli/node_modules/resume-cli/lib/init.js","s":{"1":1,"2":1,"3":1,"4":1,"5":1,"6":0,"7":0,"8":0,"9":0,"10":0,"11":0,"12":0,"13":0,"14":0,"15":0,"16":0,"17":0,"18":0,"19":0,"20":0,"21":0,"22":0,"23":0,"24":0,"25":0,"26":0,"27":0,"28":0,"29":0,"30":0,"31":1,"32":0,"33":0,"34":0,"35":0,"36":0,"37":0,"38":0,"39":0,"40":0,"41":0,"42":1},"b":{"1":[0,0],"2":[0,0],"3":[0,0],"4":[0,0],"5":[0,0]},"f":{"1":0,"2":0,"3":0,"4":0,"5":0},"fnMap":{"1":{"name":"fillInit","line":6,"loc":{"start":{"line":6,"column":0},"end":{"line":6,"column":20}}},"2":{"name":"(anonymous_2)","line":14,"loc":{"start":{"line":14,"column":7},"end":{"line":14,"column":26}}},"3":{"name":"(anonymous_3)","line":22,"loc":{"start":{"line":22,"column":11},"end":{"line":22,"column":31}}},"4":{"name":"init","line":48,"loc":{"start":{"line":48,"column":0},"end":{"line":48,"column":16}}},"5":{"name":"(anonymous_5)","line":53,"loc":{"start":{"line":53,"column":11},"end":{"line":53,"column":32}}}},"statementMap":{"1":{"start":{"line":1,"column":0},"end":{"line":1,"column":23}},"2":{"start":{"line":2,"column":0},"end":{"line":2,"column":27}},"3":{"start":{"line":3,"column":0},"end":{"line":3,"column":53}},"4":{"start":{"line":4,"column":0},"end":{"line":4,"column":29}},"5":{"start":{"line":6,"column":0},"end":{"line":46,"column":1}},"6":{"start":{"line":7,"column":4},"end":{"line":7,"column":102}},"7":{"start":{"line":8,"column":4},"end":{"line":8,"column":91}},"8":{"start":{"line":9,"column":4},"end":{"line":9,"column":46}},"9":{"start":{"line":10,"column":4},"end":{"line":10,"column":49}},"10":{"start":{"line":12,"column":4},"end":{"line":45,"column":7}},"11":{"start":{"line":15,"column":8},"end":{"line":18,"column":9}},"12":{"start":{"line":16,"column":12},"end":{"line":16,"column":26}},"13":{"start":{"line":17,"column":12},"end":{"line":17,"column":27}},"14":{"start":{"line":20,"column":8},"end":{"line":44,"column":11}},"15":{"start":{"line":23,"column":12},"end":{"line":26,"column":13}},"16":{"start":{"line":24,"column":16},"end":{"line":24,"column":30}},"17":{"start":{"line":25,"column":16},"end":{"line":25,"column":31}},"18":{"start":{"line":28,"column":12},"end":{"line":28,"column":42}},"19":{"start":{"line":29,"column":12},"end":{"line":29,"column":44}},"20":{"start":{"line":31,"column":12},"end":{"line":31,"column":103}},"21":{"start":{"line":33,"column":12},"end":{"line":33,"column":70}},"22":{"start":{"line":34,"column":12},"end":{"line":34,"column":28}},"23":{"start":{"line":35,"column":12},"end":{"line":35,"column":103}},"24":{"start":{"line":36,"column":12},"end":{"line":36,"column":123}},"25":{"start":{"line":37,"column":12},"end":{"line":37,"column":124}},"26":{"start":{"line":38,"column":12},"end":{"line":38,"column":78}},"27":{"start":{"line":39,"column":12},"end":{"line":39,"column":83}},"28":{"start":{"line":40,"column":12},"end":{"line":40,"column":28}},"29":{"start":{"line":42,"column":12},"end":{"line":42,"column":27}},"30":{"start":{"line":43,"column":12},"end":{"line":43,"column":27}},"31":{"start":{"line":48,"column":0},"end":{"line":68,"column":1}},"32":{"start":{"line":49,"column":4},"end":{"line":67,"column":5}},"33":{"start":{"line":50,"column":8},"end":{"line":50,"column":92}},"34":{"start":{"line":51,"column":8},"end":{"line":63,"column":11}},"35":{"start":{"line":54,"column":12},"end":{"line":57,"column":13}},"36":{"start":{"line":55,"column":16},"end":{"line":55,"column":30}},"37":{"start":{"line":56,"column":16},"end":{"line":56,"column":31}},"38":{"start":{"line":58,"column":12},"end":{"line":62,"column":13}},"39":{"start":{"line":59,"column":16},"end":{"line":59,"column":27}},"40":{"start":{"line":61,"column":16},"end":{"line":61,"column":31}},"41":{"start":{"line":66,"column":8},"end":{"line":66,"column":19}},"42":{"start":{"line":70,"column":0},"end":{"line":70,"column":22}}},"branchMap":{"1":{"line":15,"type":"if","locations":[{"start":{"line":15,"column":8},"end":{"line":15,"column":8}},{"start":{"line":15,"column":8},"end":{"line":15,"column":8}}]},"2":{"line":23,"type":"if","locations":[{"start":{"line":23,"column":12},"end":{"line":23,"column":12}},{"start":{"line":23,"column":12},"end":{"line":23,"column":12}}]},"3":{"line":49,"type":"if","locations":[{"start":{"line":49,"column":4},"end":{"line":49,"column":4}},{"start":{"line":49,"column":4},"end":{"line":49,"column":4}}]},"4":{"line":54,"type":"if","locations":[{"start":{"line":54,"column":12},"end":{"line":54,"column":12}},{"start":{"line":54,"column":12},"end":{"line":54,"column":12}}]},"5":{"line":58,"type":"if","locations":[{"start":{"line":58,"column":12},"end":{"line":58,"column":12}},{"start":{"line":58,"column":12},"end":{"line":58,"column":12}}]}},"code":["var fs = require('fs');","var read = require('read');","var resumeJson = require('resume-schema').resumeJson;","var chalk = require('chalk'); // slowly replace colors with chalk","","function fillInit() {","    console.log('\\nThis utility will generate a resume.json file in your current working directory.');","    console.log('Fill out your name and email to get started, or leave the fields blank.');","    console.log('All fields are optional.\\n');","    console.log('Press ^C at any time to quit.');","","    read({","        prompt: 'name: '","    }, function(er, name) {","        if (er) {","            console.log();","            process.exit();","        }","","        read({","            prompt: 'email: '","        }, function(er, email) {","            if (er) {","                console.log();","                process.exit();","            }","","            resumeJson.basics.name = name;","            resumeJson.basics.email = email;","","            fs.writeFileSync(process.cwd() + '/resume.json', JSON.stringify(resumeJson, undefined, 2));","","            console.log('\\nYour resume.json has been created!'.green);","            console.log('');","            console.log('To generate a formatted .html .md .txt or .pdf resume from your resume.json');","            console.log('type: `resume export [someFileName]` including file extension eg: `resume export myresume.html`');","            console.log('\\nYou can optionally specify an available theme for html and pdf resumes using the --theme flag.');","            console.log('Example: `resume export myresume.pdf --theme flat`');","            console.log('Or simply type: `resume export` and follow the prompts.');","            console.log('');","","            process.exit();","            callback(true);","        });","    });","}","","function init() {","    if (fs.existsSync('./resume.json')) {","        console.log(chalk.yellow('There is already a resume.json file in this directory.'));","        read({","            prompt: 'Do you want to override? [y/n]:'","        }, function(er, answer) {","            if (er) {","                console.log();","                process.exit();","            }","            if (answer === 'y') {","                fillInit();","            } else {","                process.exit();","            }","        });","","    } else {","        fillInit();","    }","}","","module.exports = init;","","//todo: fix success wording",""],"l":{"1":1,"2":1,"3":1,"4":1,"6":1,"7":0,"8":0,"9":0,"10":0,"12":0,"15":0,"16":0,"17":0,"20":0,"23":0,"24":0,"25":0,"28":0,"29":0,"31":0,"33":0,"34":0,"35":0,"36":0,"37":0,"38":0,"39":0,"40":0,"42":0,"43":0,"48":1,"49":0,"50":0,"51":0,"54":0,"55":0,"56":0,"58":0,"59":0,"61":0,"66":0,"70":1}},"/home/travis/build/npmtest/node-npmtest-resume-cli/node_modules/resume-cli/lib/test.js":{"path":"/home/travis/build/npmtest/node-npmtest-resume-cli/node_modules/resume-cli/lib/test.js","s":{"1":1,"2":1,"3":1,"4":1,"5":1,"6":1,"7":0,"8":1,"9":1,"10":1,"11":0,"12":0,"13":0,"14":0,"15":0,"16":1,"17":0,"18":0,"19":0,"20":0,"21":1,"22":0,"23":0,"24":0,"25":0,"26":0,"27":0,"28":0,"29":0,"30":0,"31":0,"32":0,"33":0,"34":0,"35":1},"b":{"1":[0,1],"2":[1,1],"3":[0,0],"4":[0,0],"5":[0,0]},"f":{"1":0,"2":0,"3":0,"4":0,"5":0},"fnMap":{"1":{"name":"pathFormatter","line":23,"loc":{"start":{"line":23,"column":0},"end":{"line":23,"column":29}}},"2":{"name":"errorFormatter","line":31,"loc":{"start":{"line":31,"column":0},"end":{"line":31,"column":32}}},"3":{"name":"(anonymous_3)","line":40,"loc":{"start":{"line":40,"column":26},"end":{"line":40,"column":42}}},"4":{"name":"validate","line":49,"loc":{"start":{"line":49,"column":0},"end":{"line":49,"column":40}}},"5":{"name":"(anonymous_5)","line":51,"loc":{"start":{"line":51,"column":38},"end":{"line":51,"column":61}}}},"statementMap":{"1":{"start":{"line":1,"column":0},"end":{"line":1,"column":23}},"2":{"start":{"line":2,"column":0},"end":{"line":2,"column":44}},"3":{"start":{"line":3,"column":0},"end":{"line":3,"column":31}},"4":{"start":{"line":4,"column":0},"end":{"line":4,"column":29}},"5":{"start":{"line":6,"column":0},"end":{"line":9,"column":2}},"6":{"start":{"line":12,"column":0},"end":{"line":17,"column":1}},"7":{"start":{"line":13,"column":4},"end":{"line":16,"column":6}},"8":{"start":{"line":19,"column":0},"end":{"line":19,"column":35}},"9":{"start":{"line":20,"column":0},"end":{"line":20,"column":35}},"10":{"start":{"line":23,"column":0},"end":{"line":29,"column":1}},"11":{"start":{"line":24,"column":4},"end":{"line":24,"column":35}},"12":{"start":{"line":25,"column":4},"end":{"line":25,"column":21}},"13":{"start":{"line":26,"column":4},"end":{"line":26,"column":34}},"14":{"start":{"line":27,"column":4},"end":{"line":27,"column":43}},"15":{"start":{"line":28,"column":4},"end":{"line":28,"column":20}},"16":{"start":{"line":31,"column":0},"end":{"line":47,"column":1}},"17":{"start":{"line":40,"column":4},"end":{"line":43,"column":7}},"18":{"start":{"line":41,"column":8},"end":{"line":42,"column":82}},"19":{"start":{"line":45,"column":4},"end":{"line":45,"column":70}},"20":{"start":{"line":46,"column":4},"end":{"line":46,"column":66}},"21":{"start":{"line":49,"column":0},"end":{"line":73,"column":1}},"22":{"start":{"line":50,"column":4},"end":{"line":50,"column":70}},"23":{"start":{"line":51,"column":4},"end":{"line":72,"column":7}},"24":{"start":{"line":52,"column":8},"end":{"line":71,"column":9}},"25":{"start":{"line":54,"column":12},"end":{"line":54,"column":94}},"26":{"start":{"line":55,"column":12},"end":{"line":59,"column":13}},"27":{"start":{"line":56,"column":16},"end":{"line":56,"column":86}},"28":{"start":{"line":57,"column":16},"end":{"line":57,"column":58}},"29":{"start":{"line":58,"column":16},"end":{"line":58,"column":56}},"30":{"start":{"line":60,"column":12},"end":{"line":62,"column":15}},"31":{"start":{"line":63,"column":12},"end":{"line":63,"column":33}},"32":{"start":{"line":66,"column":12},"end":{"line":66,"column":80}},"33":{"start":{"line":68,"column":12},"end":{"line":68,"column":126}},"34":{"start":{"line":70,"column":12},"end":{"line":70,"column":28}},"35":{"start":{"line":75,"column":0},"end":{"line":78,"column":2}}},"branchMap":{"1":{"line":12,"type":"if","locations":[{"start":{"line":12,"column":0},"end":{"line":12,"column":0}},{"start":{"line":12,"column":0},"end":{"line":12,"column":0}}]},"2":{"line":12,"type":"binary-expr","locations":[{"start":{"line":12,"column":4},"end":{"line":12,"column":11}},{"start":{"line":12,"column":15},"end":{"line":12,"column":43}}]},"3":{"line":42,"type":"cond-expr","locations":[{"start":{"line":42,"column":36},"end":{"line":42,"column":57}},{"start":{"line":42,"column":60},"end":{"line":42,"column":79}}]},"4":{"line":52,"type":"if","locations":[{"start":{"line":52,"column":8},"end":{"line":52,"column":8}},{"start":{"line":52,"column":8},"end":{"line":52,"column":8}}]},"5":{"line":55,"type":"if","locations":[{"start":{"line":55,"column":12},"end":{"line":55,"column":12}},{"start":{"line":55,"column":12},"end":{"line":55,"column":12}}]}},"code":["var fs = require('fs');","var resumeSchema = require('resume-schema');","var colors = require('colors');","var chalk = require('chalk'); // slowly replace colors with chalk","","var symbols = {","    ok: '\\u2713',","    err: '\\u2717'","};","","// win32 console default output fonts don't support tick/cross","if (process && process.platform === 'win32') {","    symbols = {","        ok: '\\u221A',","        err: '\\u00D7'","    };","}","","var tick = chalk.green(symbols.ok);","var cross = chalk.red(symbols.err);","","//converts the schema's returned path output, to JS object selection notation.","function pathFormatter(path) {","    var jsonPath = path.split('/');","    jsonPath.shift();","    jsonPath = jsonPath.join('.');","    jsonPath = jsonPath.replace('.[', '[');","    return jsonPath;","}","","function errorFormatter(errors) {","    //if json parse errors","    // if (readFileErrors) {","    //     console.log('    ', cross + '  ' + chalk.gray(readFileErrors));","    //     console.log(chalk.red('\\n  fail  ' + errors.errors.length), '\\n');","    //     console.log('Visit'.cyan, 'http://jsonlint.com/', 'for details on correct .json fromatting.'.cyan);","    //     return;","    // }","","    errors.errors.forEach(function(error) {","        console.log('    ', cross, chalk.gray(pathFormatter(error.path), 'is', error.params.type, ', expected',","            error.params.expected ? error.params.expected : error.params.format));","    });","","    console.log(chalk.red('\\n  fail  ' + errors.errors.length), '\\n');","    console.log('Please fix your resume.json file and try again'); //wording? link to docs","}","","function validate(resumeData, callback) {","    console.log('\\n  running validation tests on resume.json ... \\n');","    resumeSchema.validate(resumeData, function(report, errs) {","        if (errs) {","            // or json parse errors","            var temp = 'Cannot export. There are errors in your resume.json schema format.\\n';","            if (resumeData === undefined) {","                temp += 'Try using The JSONLint Validator at: http://jsonlint.com/\\n';","                errs.errors[0].params.type = 'unparsable';","                errs.errors[0].params.expected = 'json';","            }","            callback(true, {","                message: temp","            });","            errorFormatter(errs);","","        } else {","            console.log('  ' + tick + ' Passed all validation tests. \\n'.green);","            // console.log(report)","            console.log('To publish your resume at'.cyan, 'http://jsonresume.org', 'type the command'.cyan, 'resume publish');","","            callback(false);","        }","    });","}","","module.exports = {","    validate: validate,","    errorFormatter: errorFormatter","};","","//TODO error handling for single quotes","","// use json error handler to pinpoint errors",""],"l":{"1":1,"2":1,"3":1,"4":1,"6":1,"12":1,"13":0,"19":1,"20":1,"23":1,"24":0,"25":0,"26":0,"27":0,"28":0,"31":1,"40":0,"41":0,"45":0,"46":0,"49":1,"50":0,"51":0,"52":0,"54":0,"55":0,"56":0,"57":0,"58":0,"60":0,"63":0,"66":0,"68":0,"70":0,"75":1}},"/home/travis/build/npmtest/node-npmtest-resume-cli/node_modules/resume-cli/lib/publish/index.js":{"path":"/home/travis/build/npmtest/node-npmtest-resume-cli/node_modules/resume-cli/lib/publish/index.js","s":{"1":1,"2":1,"3":1,"4":1,"5":1,"6":1,"7":1,"8":1,"9":1,"10":1,"11":1,"12":1,"13":1,"14":0,"15":0,"16":0,"17":0,"18":0,"19":0,"20":1,"21":0,"22":0,"23":0,"24":0,"25":0,"26":0,"27":0,"28":0,"29":0,"30":0,"31":0,"32":0,"33":0,"34":0,"35":0,"36":0,"37":0,"38":0,"39":0,"40":0,"41":0,"42":0,"43":0,"44":0,"45":0,"46":0,"47":0,"48":0,"49":0,"50":0,"51":0,"52":0,"53":0,"54":0,"55":0,"56":0,"57":0,"58":0,"59":0,"60":0,"61":0,"62":0,"63":0},"b":{"1":[0,0,0],"2":[0,0,0,0],"3":[0,0],"4":[0,0],"5":[0,0],"6":[0,0],"7":[0,0]},"f":{"1":0,"2":0,"3":0,"4":0,"5":0,"6":0,"7":0,"8":0,"9":0,"10":0,"11":0,"12":0,"13":0},"fnMap":{"1":{"name":"logPublishErrors","line":17,"loc":{"start":{"line":17,"column":0},"end":{"line":17,"column":32}}},"2":{"name":"publish","line":27,"loc":{"start":{"line":27,"column":17},"end":{"line":27,"column":63}}},"3":{"name":"(anonymous_3)","line":41,"loc":{"start":{"line":41,"column":17},"end":{"line":41,"column":34}}},"4":{"name":"(anonymous_4)","line":62,"loc":{"start":{"line":62,"column":23},"end":{"line":62,"column":43}}},"5":{"name":"(anonymous_5)","line":70,"loc":{"start":{"line":70,"column":27},"end":{"line":70,"column":50}}},"6":{"name":"(anonymous_6)","line":87,"loc":{"start":{"line":87,"column":27},"end":{"line":87,"column":42}}},"7":{"name":"(anonymous_7)","line":91,"loc":{"start":{"line":91,"column":27},"end":{"line":91,"column":48}}},"8":{"name":"(anonymous_8)","line":96,"loc":{"start":{"line":96,"column":30},"end":{"line":96,"column":45}}},"9":{"name":"(anonymous_9)","line":100,"loc":{"start":{"line":100,"column":27},"end":{"line":100,"column":51}}},"10":{"name":"(anonymous_10)","line":105,"loc":{"start":{"line":105,"column":36},"end":{"line":105,"column":51}}},"11":{"name":"(anonymous_11)","line":109,"loc":{"start":{"line":109,"column":27},"end":{"line":109,"column":57}}},"12":{"name":"(anonymous_12)","line":114,"loc":{"start":{"line":114,"column":19},"end":{"line":114,"column":42}}},"13":{"name":"(anonymous_13)","line":130,"loc":{"start":{"line":130,"column":19},"end":{"line":130,"column":44}}}},"statementMap":{"1":{"start":{"line":1,"column":0},"end":{"line":1,"column":44}},"2":{"start":{"line":2,"column":0},"end":{"line":2,"column":31}},"3":{"start":{"line":3,"column":0},"end":{"line":3,"column":29}},"4":{"start":{"line":4,"column":0},"end":{"line":4,"column":27}},"5":{"start":{"line":5,"column":0},"end":{"line":5,"column":29}},"6":{"start":{"line":6,"column":0},"end":{"line":6,"column":30}},"7":{"start":{"line":7,"column":0},"end":{"line":7,"column":29}},"8":{"start":{"line":8,"column":0},"end":{"line":8,"column":48}},"9":{"start":{"line":12,"column":0},"end":{"line":12,"column":47}},"10":{"start":{"line":13,"column":0},"end":{"line":13,"column":39}},"11":{"start":{"line":14,"column":0},"end":{"line":14,"column":67}},"12":{"start":{"line":15,"column":0},"end":{"line":15,"column":59}},"13":{"start":{"line":17,"column":0},"end":{"line":25,"column":1}},"14":{"start":{"line":18,"column":4},"end":{"line":18,"column":63}},"15":{"start":{"line":19,"column":4},"end":{"line":19,"column":28}},"16":{"start":{"line":20,"column":4},"end":{"line":20,"column":22}},"17":{"start":{"line":22,"column":4},"end":{"line":22,"column":78}},"18":{"start":{"line":23,"column":4},"end":{"line":23,"column":118}},"19":{"start":{"line":24,"column":4},"end":{"line":24,"column":19}},"20":{"start":{"line":27,"column":0},"end":{"line":141,"column":2}},"21":{"start":{"line":29,"column":4},"end":{"line":29,"column":67}},"22":{"start":{"line":41,"column":4},"end":{"line":140,"column":7}},"23":{"start":{"line":43,"column":8},"end":{"line":139,"column":9}},"24":{"start":{"line":47,"column":16},"end":{"line":47,"column":88}},"25":{"start":{"line":48,"column":16},"end":{"line":48,"column":22}},"26":{"start":{"line":52,"column":16},"end":{"line":78,"column":17}},"27":{"start":{"line":53,"column":20},"end":{"line":53,"column":111}},"28":{"start":{"line":54,"column":20},"end":{"line":54,"column":27}},"29":{"start":{"line":57,"column":20},"end":{"line":57,"column":97}},"30":{"start":{"line":58,"column":20},"end":{"line":58,"column":99}},"31":{"start":{"line":59,"column":20},"end":{"line":77,"column":23}},"32":{"start":{"line":63,"column":24},"end":{"line":66,"column":25}},"33":{"start":{"line":64,"column":28},"end":{"line":64,"column":42}},"34":{"start":{"line":65,"column":28},"end":{"line":65,"column":43}},"35":{"start":{"line":67,"column":24},"end":{"line":76,"column":27}},"36":{"start":{"line":71,"column":28},"end":{"line":74,"column":29}},"37":{"start":{"line":72,"column":32},"end":{"line":72,"column":46}},"38":{"start":{"line":73,"column":32},"end":{"line":73,"column":47}},"39":{"start":{"line":75,"column":28},"end":{"line":75,"column":106}},"40":{"start":{"line":79,"column":16},"end":{"line":79,"column":22}},"41":{"start":{"line":83,"column":16},"end":{"line":83,"column":93}},"42":{"start":{"line":84,"column":16},"end":{"line":84,"column":95}},"43":{"start":{"
[...]
try {","        jsonlint.parse(String(data));","        var resumeJson = JSON.parse(data);","","        callback(null, resumeJson);","      } catch (error) {","        callback(error);","      }","    }","  });","}",""],"l":{"1":1,"2":1,"4":1,"5":1,"7":1,"8":1,"9":0,"10":0,"11":0,"14":1,"15":1,"17":0,"18":0,"19":0,"21":0,"23":0}},"/home/travis/build/npmtest/node-npmtest-resume-cli/node_modules/resume-cli/lib/pre-flow/validate-schema.js":{"path":"/home/travis/build/npmtest/node-npmtest-resume-cli/node_modules/resume-cli/lib/pre-flow/validate-schema.js","s":{"1":1,"2":1,"3":0,"4":0,"5":0,"6":0,"7":0,"8":0,"9":0,"10":0,"11":0},"b":{"1":[0,0],"2":[0,0],"3":[0,0],"4":[0,0]},"f":{"1":0,"2":0},"fnMap":{"1":{"name":"validateSchema","line":3,"loc":{"start":{"line":3,"column":17},"end":{"line":3,"column":60}}},"2":{"name":"(anonymous_2)","line":7,"loc":{"start":{"line":7,"column":39},"end":{"line":7,"column":65}}}},"statementMap":{"1":{"start":{"line":1,"column":0},"end":{"line":1,"column":33}},"2":{"start":{"line":3,"column":0},"end":{"line":19,"column":2}},"3":{"start":{"line":4,"column":2},"end":{"line":4,"column":38}},"4":{"start":{"line":5,"column":2},"end":{"line":18,"column":3}},"5":{"start":{"line":6,"column":4},"end":{"line":15,"column":5}},"6":{"start":{"line":7,"column":6},"end":{"line":12,"column":9}},"7":{"start":{"line":8,"column":8},"end":{"line":10,"column":9}},"8":{"start":{"line":9,"column":10},"end":{"line":9,"column":40}},"9":{"start":{"line":11,"column":8},"end":{"line":11,"column":33}},"10":{"start":{"line":14,"column":6},"end":{"line":14,"column":30}},"11":{"start":{"line":17,"column":4},"end":{"line":17,"column":28}}},"branchMap":{"1":{"line":5,"type":"if","locations":[{"start":{"line":5,"column":2},"end":{"line":5,"column":2}},{"start":{"line":5,"column":2},"end":{"line":5,"column":2}}]},"2":{"line":6,"type":"if","locations":[{"start":{"line":6,"column":4},"end":{"line":6,"column":4}},{"start":{"line":6,"column":4},"end":{"line":6,"column":4}}]},"3":{"line":6,"type":"binary-expr","locations":[{"start":{"line":6,"column":8},"end":{"line":6,"column":36}},{"start":{"line":6,"column":40},"end":{"line":6,"column":73}}]},"4":{"line":8,"type":"if","locations":[{"start":{"line":8,"column":8},"end":{"line":8,"column":8}},{"start":{"line":8,"column":8},"end":{"line":8,"column":8}}]}},"code":["var test = require('../test.js');","","module.exports = function validateSchema(callback, results) {","  var options = process.argv.slice(2);","  if (['export', 'publish'].indexOf(process.argv[2]) !== -1) { // remove serve for the time being","    if (options.indexOf('-F') === -1 && options.indexOf('--force') === -1) {","      test.validate(results.getResume, function(error, response) {","        if (error) {","          console.log(response.message);","        }","        callback(error, results);","      });","    } else {","      callback(null, results);","    }","  } else {","    callback(null, results);","  }","};",""],"l":{"1":1,"3":1,"4":0,"5":0,"6":0,"7":0,"8":0,"9":0,"11":0,"14":0,"17":0}},"/home/travis/build/npmtest/node-npmtest-resume-cli/node_modules/resume-cli/lib/pre-flow/check-pkg-version.js":{"path":"/home/travis/build/npmtest/node-npmtest-resume-cli/node_modules/resume-cli/lib/pre-flow/check-pkg-version.js","s":{"1":1,"2":1,"3":1,"4":1,"5":1,"6":0,"7":0,"8":0,"9":0,"10":0,"11":0,"12":0,"13":0,"14":1,"15":1,"16":0,"17":1,"18":0,"19":0,"20":0,"21":0,"22":0,"23":0,"24":0,"25":0,"26":0,"27":0,"28":0},"b":{"1":[0,0],"2":[0,0],"3":[0,0],"4":[0,1],"5":[0,0],"6":[0,0]},"f":{"1":0,"2":0,"3":0,"4":0,"5":0},"fnMap":{"1":{"name":"checkPkgVersion","line":6,"loc":{"start":{"line":6,"column":17},"end":{"line":6,"column":61}}},"2":{"name":"(anonymous_2)","line":17,"loc":{"start":{"line":17,"column":15},"end":{"line":17,"column":29}}},"3":{"name":"writeToConfig","line":30,"loc":{"start":{"line":30,"column":0},"end":{"line":30,"column":42}}},"4":{"name":"isUpToDate","line":34,"loc":{"start":{"line":34,"column":0},"end":{"line":34,"column":30}}},"5":{"name":"(anonymous_5)","line":38,"loc":{"start":{"line":38,"column":54},"end":{"line":38,"column":73}}}},"statementMap":{"1":{"start":{"line":1,"column":0},"end":{"line":1,"column":23}},"2":{"start":{"line":2,"column":0},"end":{"line":2,"column":36}},"3":{"start":{"line":3,"column":0},"end":{"line":3,"column":40}},"4":{"start":{"line":4,"column":0},"end":{"line":4,"column":29}},"5":{"start":{"line":6,"column":0},"end":{"line":26,"column":2}},"6":{"start":{"line":8,"column":2},"end":{"line":8,"column":39}},"7":{"start":{"line":9,"column":2},"end":{"line":9,"column":41}},"8":{"start":{"line":11,"column":2},"end":{"line":11,"column":66}},"9":{"start":{"line":13,"column":2},"end":{"line":25,"column":3}},"10":{"start":{"line":15,"column":4},"end":{"line":15,"column":38}},"11":{"start":{"line":17,"column":4},"end":{"line":21,"column":7}},"12":{"start":{"line":19,"column":6},"end":{"line":19,"column":38}},"13":{"start":{"line":24,"column":4},"end":{"line":24,"column":18}},"14":{"start":{"line":28,"column":0},"end":{"line":28,"column":82}},"15":{"start":{"line":30,"column":0},"end":{"line":32,"column":1}},"16":{"start":{"line":31,"column":2},"end":{"line":31,"column":95}},"17":{"start":{"line":34,"column":0},"end":{"line":55,"column":1}},"18":{"start":{"line":36,"column":2},"end":{"line":36,"column":52}},"19":{"start":{"line":38,"column":2},"end":{"line":54,"column":5}},"20":{"start":{"line":39,"column":4},"end":{"line":41,"column":5}},"21":{"start":{"line":40,"column":6},"end":{"line":40,"column":27}},"22":{"start":{"line":43,"column":4},"end":{"line":43,"column":52}},"23":{"start":{"line":44,"column":4},"end":{"line":44,"column":31}},"24":{"start":{"line":46,"column":4},"end":{"line":51,"column":5}},"25":{"start":{"line":47,"column":6},"end":{"line":47,"column":61}},"26":{"start":{"line":49,"column":6},"end":{"line":49,"column":105}},"27":{"start":{"line":50,"column":6},"end":{"line":50,"column":128}},"28":{"start":{"line":53,"column":4},"end":{"line":53,"column":19}}},"branchMap":{"1":{"line":8,"type":"binary-expr","locations":[{"start":{"line":8,"column":15},"end":{"line":8,"column":32}},{"start":{"line":8,"column":36},"end":{"line":8,"column":38}}]},"2":{"line":13,"type":"if","locations":[{"start":{"line":13,"column":2},"end":{"line":13,"column":2}},{"start":{"line":13,"column":2},"end":{"line":13,"column":2}}]},"3":{"line":13,"type":"binary-expr","locations":[{"start":{"line":13,"column":6},"end":{"line":13,"column":18}},{"start":{"line":13,"column":22},"end":{"line":13,"column":42}}]},"4":{"line":28,"type":"cond-expr","locations":[{"start":{"line":28,"column":58},"end":{"line":28,"column":71}},{"start":{"line":28,"column":74},"end":{"line":28,"column":80}}]},"5":{"line":39,"type":"if","locations":[{"start":{"line":39,"column":4},"end":{"line":39,"column":4}},{"start":{"line":39,"column":4},"end":{"line":39,"column":4}}]},"6":{"line":46,"type":"if","locations":[{"start":{"line":46,"column":4},"end":{"line":46,"column":4}},{"start":{"line":46,"column":4},"end":{"line":46,"column":4}}]}},"code":["var fs = require('fs');","var request = require('superagent');","var pkg = require('../../package.json');","var chalk = require('chalk');","","module.exports = function checkPkgVersion(callback, results) {","","  var config = results.getConfig || {};","  var currentTime = (new Date).getTime();","","  var itIsHighTime = currentTime - config.checkVersion > 86400000; // check if module is up-to-date every day","","  if (itIsHighTime || !config.checkVersion) { // if it's time to check or if a check has not been run berofe","","    config.checkVersion = currentTime;","","    isUpToDate(function(err) {","","      writeToConfig(config, callback);","","    });","","  } else {","    callback(null)","  }","};","","var homeDir = process.env[(process.platform == 'win32') ? 'USERPROFILE' : 'HOME'];","","function writeToConfig(authObj, callback) {","  fs.writeFile(homeDir + '/.jsonresume.json', JSON.stringify(authObj, undefined, 2), callback);","}","","function isUpToDate(callback) {","","  console.log('Checking NPM for latest version...');","","  request.get('http://registry.npmjs.org/resume-cli', function(err, res) {","    if (err) {","      return callback(err);","    }","","    latestnpmVersion = res.body['dist-tags'].latest;","    localVersion = pkg.version;","","    if (localVersion === latestnpmVersion) {","      console.log('Your resume-cli software is up-to-date.');","    } else {","      console.log(chalk.yellow('Notice: You are currently using an out-of-date version of resume-cli.'));","      console.log(chalk.cyan('Type'), '`sudo npm update -g resume-cli`', chalk.cyan('to upgrade to version'), latestnpmVersion);","    }","","    callback(null);","  });","}",""],"l":{"1":1,"2":1,"3":1,"4":1,"6":1,"8":0,"9":0,"11":0,"13":0,"15":0,"17":0,"19":0,"24":0,"28":1,"30":1,"31":0,"34":1,"36":0,"38":0,"39":0,"40":0,"43":0,"44":0,"46":0,"47":0,"49":0,"50":0,"53":0}},"/home/travis/build/npmtest/node-npmtest-resume-cli/node_modules/resume-cli/lib/pre.js":{"path":"/home/travis/build/npmtest/node-npmtest-resume-cli/node_modules/resume-cli/lib/pre.js","s":{"1":1,"2":1,"3":1,"4":1,"5":1,"6":1,"7":1,"8":1,"9":0,"10":0,"11":0,"12":0,"13":0,"14":0,"15":0,"16":0,"17":0,"18":0,"19":0,"20":0,"21":0,"22":0,"23":0,"24":0,"25":0,"26":0,"27":0,"28":0,"29":1,"30":0,"31":0,"32":0,"33":0,"34":0,"35":0,"36":0,"37":0,"38":1,"39":1,"40":0,"41":1,"42":0,"43":0,"44":0,"45":0,"46":0,"47":0,"48":0,"49":0,"50":0,"51":0,"52":0,"53":0,"54":0},"b":{"1":[0,1],"2":[0,0],"3":[0,0],"4":[0,0],"5":[0,0],"6":[0,0],"7":[0,0],"8":[0,1],"9":[0,0],"10":[0,0]},"f":{"1":0,"2":0,"3":0,"4":0,"5":0,"6":0,"7":0,"8":0,"9":0},"fnMap":{"1":{"name":"(anonymous_1)","line":10,"loc":{"start":{"line":10,"column":13},"end":{"line":10,"column":32}}},"2":{"name":"(anonymous_2)","line":12,"loc":{"start":{"line":12,"column":53},"end":{"line":12,"column":84}}},"3":{"name":"(anonymous_3)","line":28,"loc":{"start":{"line":28,"column":13},"end":{"line":28,"column":32}}},"4":{"name":"(anonymous_4)","line":29,"loc":{"start":{"line":29,"column":33},"end":{"line":29,"column":72}}},"5":{"name":"checkPkgVersion","line":55,"loc":{"start":{"line":55,"column":0},"end":{"line":55,"column":44}}},"6":{"name":"(anonymous_6)","line":66,"loc":{"start":{"line":66,"column":15},"end":{"line":66,"column":29}}},"7":{"name":"writeToConfig","line":80,"loc":{"start":{"line":80,"column":0},"end":{"line":80,"column":42}}},"8":{"name":"isUpToDate","line":84,"loc":{"start":{"line":84,"column":0},"end":{"line":84,"column":30}}},"9":{"name":"(anonymous_9)","line":90,"loc":{"start":{"line":90,"column":54},"end":{"line":90,"column":68}}}},"statementMap":{"1":{"start":{"line":1,"column":0},"end":{"line":1,"column":23}},"2":{"start":{"line":2,"column":0},"end":{"line":2,"column":88}},"3":{"start":{"line":3,"column":0},"end":{"line":3,"column":44}},"4":{"start":{"line":4,"column":0},"end":{"line":4,"column":35}},"5":{"start":{"line":5,"column":0},"end":{"line":5,"column":73}},"6":{"start":{"line":6,"column":0},"end":{"line":6,"column":57}},"7":{"start":{"line":7,"column":0},"end":{"line":7,"column":29}},"8":{"start":{"line":9,"column":0},"end":{"line":52,"column":2}},"9":{"start":{"line":11,"column":4},"end":{"line":11,"column":21}},"10":{"start":{"line":12,"column":4},"end":{"line":26,"column":7}},"11":{"start":{"line":13,"column":6},"end":{"line":23,"column":7}},"12":{"start":{"line":14,"column":8},"end":{"line":14,"column":27}},"13":{"start":{"line":17,"column":8},"end":{"line":22,"column":9}},"14":{"start":{"line":18,"column":10},"end":{"line":18,"column":42}},"15":{"start":{"line":21,"column":10},"end":{"line":21,"column":29}},"16":{"start":{"line":25,"column":6},"end":{"line":25,"column":29}},"17":{"start":{"line":29,"column":4},"end":{"line":49,"column":7}},"18":{"start":{"line":31,"column":6},"end":{"line":48,"column":7}},"19":{"start":{"line":32,"column":8},"end":{"line":35,"column":9}},"20":{"start":{"line":33,"column":10},"end":{"line":33,"column":80}},"21":{"start":{"line":34,"column":10},"end":{"line":34,"column":72}},"22":{"start":{"line":37,"column":8},"end":{"line":37,"column":31}},"23":{"start":{"line":38,"column":8},"end":{"line":38,"column":23}},"24":{"start":{"line":40,"column":8},"end":{"line":47,"column":9}},"25":{"start":{"line":41,"column":10},"end":{"line":41,"column":39}},"26":{"start":{"line":42,"column":10},"end":{"line":42,"column":44}},"27":{"start":{"line":44,"column":10},"end":{"line":44,"column":37}},"28":{"start":{"line":46,"column":10},"end":{"line":46,"column":26}},"29":{"start":{"line":55,"column":0},"end":{"line":76,"column":1}},"30":{"start":{"line":57,"column":2},"end":{"line":57,"column":39}},"31":{"start":{"line":58,"column":2},"end":{"line":58,"column":41}},"32":{"start":{"line":60,"column":2},"end":{"line":60,"column":66}},"33":{"start":{"line":62,"column":2},"end":{"line":74,"column":3}},"34":{"start":{"line":64,"column":4},"end":{"line":64,"column":38}},"35":{"start":{"line":66,"column":4},"end":{"line":70,"column":7}},"36":{"start":{"line":68,"column":6},"end":{"line":68,"column":38}},"37":{"start":{"line":73,"column":4},"end":{"line":73,"column":18}},"38":{"start":{"line":78,"column":0},"end":{"line":78,"column":82}},"39":{"start":{"line":80,"column":0},"end":{"line":82,"column":1}},"40":{"start":{"line":81,"column":2},"end":{"line":81,"column":95}},"41":{"start":{"line":84,"column":0},"end":{"line":107,"column":1}},"42":{"start":{"line":85,"column":2},"end":{"line":85,"column":38}},"43":{"start":{"line":86,"column":2},"end":{"line":86,"column":39}},"44":{"start":{"line":88,"column":2},"end":{"line":88,"column":52}},"45":{"start":{"line":90,"column":2},"end":{"line":106,"column":5}},"46":{"start":{"line":91,"column":4},"end":{"line":93,"column":5}},"47":{"start":{"line":92,"column":6},"end":{"line":92,"column":33}},"48":{"start":{"line":95,"column":4},"end":{"line":95,"column":52}},"49":{"start":{"line":96,"column":4},"end":{"line":96,"column":31}},"50":{"start":{"line":98,"column":4},"end":{"line":103,"column":5}},"51":{"start":{"line":99,"column":6},"end":{"line":99,"column":61}},"52":{"start":{"line":101,"column":6},"end":{"line":101,"column":98}},"53":{"start":{"line":102,"column":6},"end":{"line":102,"column":114}},"54":{"start":{"line":105,"column":4},"end":{"line":105,"column":19}}},"branchMap":{"1":{"line":2,"type":"cond-expr","locations":[{"start":{"line":2,"column":64},"end":{"line":2,"column":77}},{"start":{"line":2,"column":80},"end":{"line":2,"column":86}}]},"2":{"line":13,"type":"if","locations":[{"start":{"line":13,"column":6},"end":{"line":13,"column":6}},{"start":{"line":13,"column":6},"end":{"line":13,"column":6}}]},"3":{"line":31,"type":"if","locations":[{"start":{"line":31,"column":6},"end":{"line":31,"column":6}},{"start":{"line":31,"column":6},"end":{"line":31,"column":6}}]},"4":{"line":32,"type":"if","locations":[{"start":{"line":32,"column":8},"end":{"line":32,"column":8}},{"start":{"line":32,"column":8},"end":{"line":32,"column":8}}]},"5":{"line":57,"type":"binary-expr","locations":[{"start":{"line":57,"column":15},"end":{"line":57,"column":32}},{"start":{"line":57,"column":36},"end":{"line":57,"column":38}}]},"6":{"line":62,"type":"if","locations":[{"start":{"line":62,"column":2},"end":{"line":62,"column":2}},{"start":{"line":62,"column":2},"end":{"line":62,"column":2}}]},"7":{"line":62,"type":"binary-expr","locations":[{"start":{"line":62,"column":6},"end":{"line":62,"column":18}},{"start":{"line":62,"column":22},"end":{"line":62,"column":42}}]},"8":{"line":78,"type":"cond-expr","locations":[{"start":{"line":78,"column":58},"end":{"line":78,"column":71}},{"start":{"line":78,"column":74},"end":{"line":78,"column":80}}]},"9":{"line":91,"type":"if","locations":[{"start":{"line":91,"column":4},"end":{"line":91,"column":4}},{"start":{"line":91,"column":4},"end":{"line":91,"column":4}}]},"10":{"line":98,"type":"if","locations":[{"start":{"line":98,"column":4},"end":{"line":98,"column":4}},{"start":{"line":98,"column":4},"end":{"line":98,"column":4}}]}},"code":["var fs = require('fs');","var homeDirectory = process.env[(process.platform == 'win32') ? 'USERPROFILE' : 'HOME'];","var resumeSchema = require('resume-schema');","var jsonlint = require('jsonlint');","var checkVersionAndSession = require('./version').checkVersionAndSession;","var writeNewConfig = require('./version').writeNewConfig;","var test = require('./test');","","module.exports = {","  getConfig: function(callback) {","    var results = {};","    fs.readFile(homeDirectory + '/.jsonresume.json', function(noConfigFile, config) {","      if (noConfigFile) {","        var config = false;","      } else {","","        try {","          var config = JSON.parse(config);","        } catch (err) {","          // if exists but is empty","          var config = false;","        }","      }","","      callback(null, config);","    });","  },","  getResume: function(callback) {","    fs.readFile('./resume.json', function(resumeJsonDoesNotExist, data) {","","      if (resumeJsonDoesNotExist) {","        if (['export', 'publish', 'test'].indexOf(process.argv[2]) !== -1) { // removed serve. test this later","          console.log('There is no resume.json file located in this directory');","          console.log('Type: `resume init` to initialize a new resume');","        }","","        var resumeJson = false;","        callback(null);","      } else {","        try {","          jsonlint.parse(String(data));","          var resumeJson = JSON.parse(data);","","          callback(null, resumeJson);","        } catch (error) {","          callback(error);","        }","      }","    });","  },","  checkPkgVersion: ['getConfig', checkPkgVersion]","};","","","function checkPkgVersion(callback, results) {","","  var config = results.getConfig || {};","  var currentTime = (new Date).getTime();","","  var itIsHighTime = currentTime - config.checkVersion > 86400000; // check if module is up-to-date every day","","  if (itIsHighTime || !config.checkVersion) { // if it's time to check or if a check has not been run berofe","","    config.checkVersion = currentTime;","","    isUpToDate(function(err) {","","      writeToConfig(config, callback);","","    });","","  } else {","    callback(null)","  }","","};","","var homeDir = process.env[(process.platform == 'win32') ? 'USERPROFILE' : 'HOME'];","","function writeToConfig(authObj, callback) {","  fs.writeFile(homeDir + '/.jsonresume.json', JSON.stringify(authObj, undefined, 2), callback);","}","","function isUpToDate(callback) {","  var request = require('superagent');","  var pkg = require('../package.json');","","  console.log('Checking NPM for latest version...');","","  request.get('http://registry.npmjs.org/resume-cli', function(res) {","    if (res.error) {","      return callback(res.error);","    }","","    latestnpmVersion = res.body['dist-tags'].latest;","    localVersion = pkg.version;","","    if (localVersion === latestnpmVersion) {","      console.log('Your resume-cli software is up-to-date.');","    } else {","      console.log('Notice: You are currently using an out-of-date version of resume-cli.'.yellow);","      console.log('Type'.cyan, '`sudo npm update -g resume-cli`', 'to upgrade to version'.cyan, latestnpmVersion);","    }","","    callback(null);","  });","}",""],"l":{"1":1,"2":1,"3":1,"4":1,"5":1,"6":1,"7":1,"9":1,"11":0,"12":0,"13":0,"14":0,"17":0,"18":0,"21":0,"25":0,"29":0,"31":0,"32":0,"33":0,"34":0,"37":0,"38":0,"40":0,"41":0,"42":0,"44":0,"46":0,"55":1,"57":0,"58":0,"60":0,"62":0,"64":0,"66":0,"68":0,"73":0,"78":1,"80":1,"81":0,"84":1,"85":0,"86":0,"88":0,"90":0,"91":0,"92":0,"95":0,"96":0,"98":0,"99":0,"101":0,"102":0,"105":0}},"/home/travis/build/npmtest/node-npmtest-resume-cli/node_modules/resume-cli/lib/settings/add-theme.js":{"path":"/home/travis/build/npmtest/node-npmtest-resume-cli/node_modules/resume-cli/lib/settings/add-theme.js","s":{},"b":{},"f":{},"fnMap":{},"statementMap":{},"branchMap":{},"code":[""]}}